<?xml version="1.0" encoding="utf-8"?>
<CoverageSession>
  <Summary numSequencePoints="1302" visitedSequencePoints="1034" numBranchPoints="294" visitedBranchPoints="220" sequenceCoverage="79.41" branchCoverage="74.82" maxCyclomaticComplexity="451" minCyclomaticComplexity="451" visitedClasses="108" numClasses="126" visitedMethods="186" numMethods="208" />
  <Modules>
    <Module hash="5CB1F73C-DF86-4EB2-9201-6A2D65C955D7">
      <ModulePath>controle_estoque_cshap.dll</ModulePath>
      <ModuleTime>2026-02-19T10:40:26</ModuleTime>
      <ModuleName>controle_estoque_cshap</ModuleName>
      <Files>
        <File uid="1" fullPath="/home/erikadeoliveiralima/Projetos/controle_estoque_cshap/Program.cs" />
        <File uid="2" fullPath="/home/erikadeoliveiralima/Projetos/controle_estoque_cshap/Utils/NameValidation.cs" />
        <File uid="3" fullPath="/home/erikadeoliveiralima/Projetos/controle_estoque_cshap/Services/UserService/UserService.cs" />
        <File uid="4" fullPath="/home/erikadeoliveiralima/Projetos/controle_estoque_cshap/Services/ProductService/ProductService.cs" />
        <File uid="5" fullPath="/home/erikadeoliveiralima/Projetos/controle_estoque_cshap/Services/MovementService/MovementService.cs" />
        <File uid="6" fullPath="/home/erikadeoliveiralima/Projetos/controle_estoque_cshap/Services/ItemService/ItemService.cs" />
        <File uid="7" fullPath="/home/erikadeoliveiralima/Projetos/controle_estoque_cshap/Services/CategoryService/CategoryService.cs" />
        <File uid="8" fullPath="/home/erikadeoliveiralima/Projetos/controle_estoque_cshap/Repositories/UserRepository/UserRepository.cs" />
        <File uid="9" fullPath="/home/erikadeoliveiralima/Projetos/controle_estoque_cshap/Repositories/ProductRepository/ProductRepository.cs" />
        <File uid="10" fullPath="/home/erikadeoliveiralima/Projetos/controle_estoque_cshap/Repositories/MovementRepository/MovementRepository.cs" />
        <File uid="11" fullPath="/home/erikadeoliveiralima/Projetos/controle_estoque_cshap/Repositories/ItemRepository/IItemRepository.cs" />
        <File uid="12" fullPath="/home/erikadeoliveiralima/Projetos/controle_estoque_cshap/Repositories/ItemRepository/ItemRepository.cs" />
        <File uid="13" fullPath="/home/erikadeoliveiralima/Projetos/controle_estoque_cshap/Repositories/CategoryRepository/CategoryRepository.cs" />
        <File uid="14" fullPath="/home/erikadeoliveiralima/Projetos/controle_estoque_cshap/Repositories/CategoryRepository/CategoryWithProductCount.cs" />
        <File uid="15" fullPath="/home/erikadeoliveiralima/Projetos/controle_estoque_cshap/DTOs/UserDto/UserCreateDto.cs" />
        <File uid="16" fullPath="/home/erikadeoliveiralima/Projetos/controle_estoque_cshap/DTOs/UserDto/UserDto.cs" />
        <File uid="17" fullPath="/home/erikadeoliveiralima/Projetos/controle_estoque_cshap/DTOs/ProductDto/ProductActiveDto.cs" />
        <File uid="18" fullPath="/home/erikadeoliveiralima/Projetos/controle_estoque_cshap/DTOs/ProductDto/ProductCreateDto.cs" />
        <File uid="19" fullPath="/home/erikadeoliveiralima/Projetos/controle_estoque_cshap/DTOs/ProductDto/ProductDto.cs" />
        <File uid="20" fullPath="/home/erikadeoliveiralima/Projetos/controle_estoque_cshap/DTOs/ProductDto/ProductUpdateDto.cs" />
        <File uid="21" fullPath="/home/erikadeoliveiralima/Projetos/controle_estoque_cshap/DTOs/MovementDto/CreateMovementDto.cs" />
        <File uid="22" fullPath="/home/erikadeoliveiralima/Projetos/controle_estoque_cshap/DTOs/MovementDto/MovementDto.cs" />
        <File uid="23" fullPath="/home/erikadeoliveiralima/Projetos/controle_estoque_cshap/DTOs/ItemDto/ExpirationReportDto.cs" />
        <File uid="24" fullPath="/home/erikadeoliveiralima/Projetos/controle_estoque_cshap/DTOs/ItemDto/ItemCreateDto.cs" />
        <File uid="25" fullPath="/home/erikadeoliveiralima/Projetos/controle_estoque_cshap/DTOs/ItemDto/ItemDto.cs" />
        <File uid="26" fullPath="/home/erikadeoliveiralima/Projetos/controle_estoque_cshap/DTOs/ItemDto/ItemUpdateDto.cs" />
        <File uid="27" fullPath="/home/erikadeoliveiralima/Projetos/controle_estoque_cshap/DTOs/CategoryDto/CategoryCreateDto.cs" />
        <File uid="28" fullPath="/home/erikadeoliveiralima/Projetos/controle_estoque_cshap/DTOs/CategoryDto/CategoryDto.cs" />
        <File uid="29" fullPath="/home/erikadeoliveiralima/Projetos/controle_estoque_cshap/DTOs/CategoryDto/CategoryUpdateDto.cs" />
        <File uid="30" fullPath="/home/erikadeoliveiralima/Projetos/controle_estoque_cshap/Controllers/CategoryController.cs" />
        <File uid="31" fullPath="/home/erikadeoliveiralima/Projetos/controle_estoque_cshap/Controllers/ItemController.cs" />
        <File uid="32" fullPath="/home/erikadeoliveiralima/Projetos/controle_estoque_cshap/Controllers/MovementController.cs" />
        <File uid="33" fullPath="/home/erikadeoliveiralima/Projetos/controle_estoque_cshap/Controllers/ProductController.cs" />
        <File uid="34" fullPath="/home/erikadeoliveiralima/Projetos/controle_estoque_cshap/Controllers/UserController.cs" />
      </Files>
      <Classes>
        <Class>
          <Summary numSequencePoints="38" visitedSequencePoints="30" numBranchPoints="2" visitedBranchPoints="2" sequenceCoverage="78.94" branchCoverage="100" maxCyclomaticComplexity="2" minCyclomaticComplexity="2" visitedClasses="1" numClasses="1" visitedMethods="1" numMethods="1" />
          <FullName>Program</FullName>
          <Methods>
            <Method cyclomaticComplexity="2" nPathComplexity="2" sequenceCoverage="78.94" branchCoverage="100" isConstructor="False" isGetter="False" isSetter="False" isStatic="True">
              <Summary numSequencePoints="38" visitedSequencePoints="30" numBranchPoints="2" visitedBranchPoints="2" sequenceCoverage="78.94" branchCoverage="100" maxCyclomaticComplexity="2" minCyclomaticComplexity="2" visitedClasses="0" numClasses="0" visitedMethods="1" numMethods="1" />
              <MetadataToken />
              <Name>System.Void Program::&lt;Main&gt;$(System.String[])</Name>
              <FileRef uid="1" />
              <SequencePoints>
                <SequencePoint vc="1" uspid="21" ordinal="0" sl="21" sc="1" el="21" ec="2" bec="0" bev="0" fileid="1" />
                <SequencePoint vc="1" uspid="24" ordinal="1" sl="24" sc="1" el="24" ec="2" bec="0" bev="0" fileid="1" />
                <SequencePoint vc="1" uspid="25" ordinal="2" sl="25" sc="1" el="25" ec="2" bec="0" bev="0" fileid="1" />
                <SequencePoint vc="1" uspid="26" ordinal="3" sl="26" sc="1" el="26" ec="2" bec="0" bev="0" fileid="1" />
                <SequencePoint vc="1" uspid="33" ordinal="4" sl="33" sc="1" el="33" ec="2" bec="0" bev="0" fileid="1" />
                <SequencePoint vc="1" uspid="34" ordinal="5" sl="34" sc="1" el="34" ec="2" bec="0" bev="0" fileid="1" />
                <SequencePoint vc="1" uspid="36" ordinal="6" sl="36" sc="1" el="36" ec="2" bec="0" bev="0" fileid="1" />
                <SequencePoint vc="1" uspid="37" ordinal="7" sl="37" sc="1" el="37" ec="2" bec="0" bev="0" fileid="1" />
                <SequencePoint vc="1" uspid="39" ordinal="8" sl="39" sc="1" el="39" ec="2" bec="0" bev="0" fileid="1" />
                <SequencePoint vc="1" uspid="40" ordinal="9" sl="40" sc="1" el="40" ec="2" bec="0" bev="0" fileid="1" />
                <SequencePoint vc="1" uspid="41" ordinal="10" sl="41" sc="1" el="41" ec="2" bec="0" bev="0" fileid="1" />
                <SequencePoint vc="1" uspid="42" ordinal="11" sl="42" sc="1" el="42" ec="2" bec="0" bev="0" fileid="1" />
                <SequencePoint vc="1" uspid="45" ordinal="12" sl="45" sc="1" el="45" ec="2" bec="0" bev="0" fileid="1" />
                <SequencePoint vc="1" uspid="46" ordinal="13" sl="46" sc="1" el="46" ec="2" bec="0" bev="0" fileid="1" />
                <SequencePoint vc="1" uspid="48" ordinal="14" sl="48" sc="1" el="48" ec="2" bec="0" bev="0" fileid="1" />
                <SequencePoint vc="1" uspid="49" ordinal="15" sl="49" sc="1" el="49" ec="2" bec="0" bev="0" fileid="1" />
                <SequencePoint vc="1" uspid="56" ordinal="16" sl="56" sc="1" el="56" ec="2" bec="0" bev="0" fileid="1" />
                <SequencePoint vc="1" uspid="57" ordinal="17" sl="57" sc="1" el="57" ec="2" bec="0" bev="0" fileid="1" />
                <SequencePoint vc="1" uspid="59" ordinal="18" sl="59" sc="1" el="59" ec="2" bec="0" bev="0" fileid="1" />
                <SequencePoint vc="0" uspid="60" ordinal="19" sl="60" sc="1" el="60" ec="2" bec="0" bev="0" fileid="1" />
                <SequencePoint vc="0" uspid="61" ordinal="20" sl="61" sc="1" el="61" ec="2" bec="0" bev="0" fileid="1" />
                <SequencePoint vc="0" uspid="62" ordinal="21" sl="62" sc="1" el="62" ec="2" bec="0" bev="0" fileid="1" />
                <SequencePoint vc="0" uspid="63" ordinal="22" sl="63" sc="1" el="63" ec="2" bec="0" bev="0" fileid="1" />
                <SequencePoint vc="0" uspid="64" ordinal="23" sl="64" sc="1" el="64" ec="2" bec="0" bev="0" fileid="1" />
                <SequencePoint vc="0" uspid="65" ordinal="24" sl="65" sc="1" el="65" ec="2" bec="0" bev="0" fileid="1" />
                <SequencePoint vc="0" uspid="66" ordinal="25" sl="66" sc="1" el="66" ec="2" bec="0" bev="0" fileid="1" />
                <SequencePoint vc="0" uspid="67" ordinal="26" sl="67" sc="1" el="67" ec="2" bec="0" bev="0" fileid="1" />
                <SequencePoint vc="1" uspid="68" ordinal="27" sl="68" sc="1" el="68" ec="2" bec="0" bev="0" fileid="1" />
                <SequencePoint vc="1" uspid="71" ordinal="28" sl="71" sc="1" el="71" ec="2" bec="0" bev="0" fileid="1" />
                <SequencePoint vc="1" uspid="78" ordinal="29" sl="78" sc="1" el="78" ec="2" bec="2" bev="2" fileid="1" />
                <SequencePoint vc="1" uspid="79" ordinal="30" sl="79" sc="1" el="79" ec="2" bec="0" bev="0" fileid="1" />
                <SequencePoint vc="1" uspid="80" ordinal="31" sl="80" sc="1" el="80" ec="2" bec="0" bev="0" fileid="1" />
                <SequencePoint vc="1" uspid="81" ordinal="32" sl="81" sc="1" el="81" ec="2" bec="0" bev="0" fileid="1" />
                <SequencePoint vc="1" uspid="82" ordinal="33" sl="82" sc="1" el="82" ec="2" bec="0" bev="0" fileid="1" />
                <SequencePoint vc="1" uspid="84" ordinal="34" sl="84" sc="1" el="84" ec="2" bec="0" bev="0" fileid="1" />
                <SequencePoint vc="1" uspid="86" ordinal="35" sl="86" sc="1" el="86" ec="2" bec="0" bev="0" fileid="1" />
                <SequencePoint vc="1" uspid="88" ordinal="36" sl="88" sc="1" el="88" ec="2" bec="0" bev="0" fileid="1" />
                <SequencePoint vc="1" uspid="90" ordinal="37" sl="90" sc="1" el="90" ec="2" bec="0" bev="0" fileid="1" />
              </SequencePoints>
              <BranchPoints>
                <BranchPoint vc="1" uspid="78" ordinal="0" path="0" offset="282" offsetend="284" sl="78" fileid="1" />
                <BranchPoint vc="1" uspid="78" ordinal="1" path="1" offset="282" offsetend="302" sl="78" fileid="1" />
              </BranchPoints>
              <MethodPoint vc="30" uspid="0" p8:type="SequencePoint" ordinal="0" offset="0" sc="0" sl="21" ec="1" el="90" bec="0" bev="0" fileid="1" xmlns:p8="xsi" />
            </Method>
          </Methods>
        </Class>
        <Class>
          <Summary numSequencePoints="18" visitedSequencePoints="18" numBranchPoints="6" visitedBranchPoints="6" sequenceCoverage="100" branchCoverage="100" maxCyclomaticComplexity="6" minCyclomaticComplexity="1" visitedClasses="1" numClasses="1" visitedMethods="4" numMethods="4" />
          <FullName>controle_estoque_cshap.Utils.NameValidation</FullName>
          <Methods>
            <Method cyclomaticComplexity="1" nPathComplexity="1" sequenceCoverage="100" branchCoverage="100" isConstructor="False" isGetter="False" isSetter="False" isStatic="True">
              <Summary numSequencePoints="4" visitedSequencePoints="4" numBranchPoints="0" visitedBranchPoints="0" sequenceCoverage="100" branchCoverage="100" maxCyclomaticComplexity="1" minCyclomaticComplexity="1" visitedClasses="0" numClasses="0" visitedMethods="1" numMethods="1" />
              <MetadataToken />
              <Name>System.Boolean controle_estoque_cshap.Utils.NameValidation::HasLeadingOrTrailingSpaces(System.String)</Name>
              <FileRef uid="2" />
              <SequencePoints>
                <SequencePoint vc="7" uspid="10" ordinal="0" sl="10" sc="1" el="10" ec="2" bec="0" bev="0" fileid="2" />
                <SequencePoint vc="7" uspid="11" ordinal="1" sl="11" sc="1" el="11" ec="2" bec="0" bev="0" fileid="2" />
                <SequencePoint vc="7" uspid="12" ordinal="2" sl="12" sc="1" el="12" ec="2" bec="0" bev="0" fileid="2" />
                <SequencePoint vc="7" uspid="13" ordinal="3" sl="13" sc="1" el="13" ec="2" bec="0" bev="0" fileid="2" />
              </SequencePoints>
              <BranchPoints />
              <MethodPoint vc="4" uspid="0" p8:type="SequencePoint" ordinal="0" offset="0" sc="0" sl="10" ec="1" el="13" bec="0" bev="0" fileid="2" xmlns:p8="xsi" />
            </Method>
            <Method cyclomaticComplexity="6" nPathComplexity="6" sequenceCoverage="100" branchCoverage="100" isConstructor="False" isGetter="False" isSetter="False" isStatic="True">
              <Summary numSequencePoints="8" visitedSequencePoints="8" numBranchPoints="6" visitedBranchPoints="6" sequenceCoverage="100" branchCoverage="100" maxCyclomaticComplexity="6" minCyclomaticComplexity="6" visitedClasses="0" numClasses="0" visitedMethods="1" numMethods="1" />
              <MetadataToken />
              <Name>System.Boolean controle_estoque_cshap.Utils.NameValidation::ContainsOnlyLettersAndSpaces(System.String)</Name>
              <FileRef uid="2" />
              <SequencePoints>
                <SequencePoint vc="8" uspid="16" ordinal="0" sl="16" sc="1" el="16" ec="2" bec="0" bev="0" fileid="2" />
                <SequencePoint vc="124" uspid="17" ordinal="1" sl="17" sc="1" el="17" ec="2" bec="2" bev="2" fileid="2" />
                <SequencePoint vc="52" uspid="18" ordinal="2" sl="18" sc="1" el="18" ec="2" bec="0" bev="0" fileid="2" />
                <SequencePoint vc="52" uspid="19" ordinal="3" sl="19" sc="1" el="19" ec="2" bec="4" bev="4" fileid="2" />
                <SequencePoint vc="4" uspid="20" ordinal="4" sl="20" sc="1" el="20" ec="2" bec="0" bev="0" fileid="2" />
                <SequencePoint vc="48" uspid="21" ordinal="5" sl="21" sc="1" el="21" ec="2" bec="0" bev="0" fileid="2" />
                <SequencePoint vc="4" uspid="23" ordinal="6" sl="23" sc="1" el="23" ec="2" bec="0" bev="0" fileid="2" />
                <SequencePoint vc="8" uspid="24" ordinal="7" sl="24" sc="1" el="24" ec="2" bec="0" bev="0" fileid="2" />
              </SequencePoints>
              <BranchPoints>
                <BranchPoint vc="52" uspid="17" ordinal="5" path="1" offset="57" offsetend="8" sl="17" fileid="2" />
                <BranchPoint vc="7" uspid="19" ordinal="0" path="0" offset="23" offsetend="25" sl="19" fileid="2" />
                <BranchPoint vc="45" uspid="19" ordinal="1" path="1" offset="23" offsetend="35" sl="19" fileid="2" />
                <BranchPoint vc="4" uspid="19" ordinal="2" path="0" offset="38" offsetend="40" sl="19" fileid="2" />
                <BranchPoint vc="48" uspid="19" ordinal="3" path="1" offset="38" offsetend="45" sl="19" fileid="2" />
                <BranchPoint vc="4" uspid="17" ordinal="4" path="0" offset="57" offsetend="59" sl="17" fileid="2" />
              </BranchPoints>
              <MethodPoint vc="8" uspid="0" p8:type="SequencePoint" ordinal="1" offset="1" sc="0" sl="16" ec="1" el="24" bec="0" bev="0" fileid="2" xmlns:p8="xsi" />
            </Method>
            <Method cyclomaticComplexity="1" nPathComplexity="1" sequenceCoverage="100" branchCoverage="100" isConstructor="False" isGetter="False" isSetter="False" isStatic="True">
              <Summary numSequencePoints="5" visitedSequencePoints="5" numBranchPoints="0" visitedBranchPoints="0" sequenceCoverage="100" branchCoverage="100" maxCyclomaticComplexity="1" minCyclomaticComplexity="1" visitedClasses="0" numClasses="0" visitedMethods="1" numMethods="1" />
              <MetadataToken />
              <Name>System.String controle_estoque_cshap.Utils.NameValidation::NormalizeTitleCase(System.String)</Name>
              <FileRef uid="2" />
              <SequencePoints>
                <SequencePoint vc="5" uspid="27" ordinal="0" sl="27" sc="1" el="27" ec="2" bec="0" bev="0" fileid="2" />
                <SequencePoint vc="5" uspid="28" ordinal="1" sl="28" sc="1" el="28" ec="2" bec="0" bev="0" fileid="2" />
                <SequencePoint vc="5" uspid="29" ordinal="2" sl="29" sc="1" el="29" ec="2" bec="0" bev="0" fileid="2" />
                <SequencePoint vc="5" uspid="31" ordinal="3" sl="31" sc="1" el="31" ec="2" bec="0" bev="0" fileid="2" />
                <SequencePoint vc="5" uspid="32" ordinal="4" sl="32" sc="1" el="32" ec="2" bec="0" bev="0" fileid="2" />
              </SequencePoints>
              <BranchPoints />
              <MethodPoint vc="5" uspid="0" p8:type="SequencePoint" ordinal="2" offset="2" sc="0" sl="27" ec="1" el="32" bec="0" bev="0" fileid="2" xmlns:p8="xsi" />
            </Method>
            <Method cyclomaticComplexity="1" nPathComplexity="1" sequenceCoverage="100" branchCoverage="100" isConstructor="True" isGetter="False" isSetter="False" isStatic="True">
              <Summary numSequencePoints="1" visitedSequencePoints="1" numBranchPoints="0" visitedBranchPoints="0" sequenceCoverage="100" branchCoverage="100" maxCyclomaticComplexity="1" minCyclomaticComplexity="1" visitedClasses="0" numClasses="0" visitedMethods="1" numMethods="1" />
              <MetadataToken />
              <Name>System.Void controle_estoque_cshap.Utils.NameValidation::.cctor()</Name>
              <FileRef uid="2" />
              <SequencePoints>
                <SequencePoint vc="1" uspid="7" ordinal="0" sl="7" sc="1" el="7" ec="2" bec="0" bev="0" fileid="2" />
              </SequencePoints>
              <BranchPoints />
              <MethodPoint vc="1" uspid="0" p8:type="SequencePoint" ordinal="3" offset="3" sc="0" sl="7" ec="1" el="7" bec="0" bev="0" fileid="2" xmlns:p8="xsi" />
            </Method>
          </Methods>
        </Class>
        <Class>
          <Summary numSequencePoints="13" visitedSequencePoints="13" numBranchPoints="0" visitedBranchPoints="0" sequenceCoverage="100" branchCoverage="100" maxCyclomaticComplexity="1" minCyclomaticComplexity="1" visitedClasses="1" numClasses="1" visitedMethods="2" numMethods="2" />
          <FullName>controle_estoque_cshap.Services.UserService.UserService</FullName>
          <Methods>
            <Method cyclomaticComplexity="1" nPathComplexity="1" sequenceCoverage="100" branchCoverage="100" isConstructor="False" isGetter="False" isSetter="False" isStatic="True">
              <Summary numSequencePoints="9" visitedSequencePoints="9" numBranchPoints="0" visitedBranchPoints="0" sequenceCoverage="100" branchCoverage="100" maxCyclomaticComplexity="1" minCyclomaticComplexity="1" visitedClasses="0" numClasses="0" visitedMethods="1" numMethods="1" />
              <MetadataToken />
              <Name>controle_estoque_cshap.DTOs.UserDto.UserDto controle_estoque_cshap.Services.UserService.UserService::MapToDto(controle_estoque_cshap.Models.User)</Name>
              <FileRef uid="3" />
              <SequencePoints>
                <SequencePoint vc="19" uspid="61" ordinal="0" sl="61" sc="1" el="61" ec="2" bec="0" bev="0" fileid="3" />
                <SequencePoint vc="19" uspid="62" ordinal="1" sl="62" sc="1" el="62" ec="2" bec="0" bev="0" fileid="3" />
                <SequencePoint vc="19" uspid="63" ordinal="2" sl="63" sc="1" el="63" ec="2" bec="0" bev="0" fileid="3" />
                <SequencePoint vc="19" uspid="64" ordinal="3" sl="64" sc="1" el="64" ec="2" bec="0" bev="0" fileid="3" />
                <SequencePoint vc="19" uspid="65" ordinal="4" sl="65" sc="1" el="65" ec="2" bec="0" bev="0" fileid="3" />
                <SequencePoint vc="19" uspid="66" ordinal="5" sl="66" sc="1" el="66" ec="2" bec="0" bev="0" fileid="3" />
                <SequencePoint vc="19" uspid="67" ordinal="6" sl="67" sc="1" el="67" ec="2" bec="0" bev="0" fileid="3" />
                <SequencePoint vc="19" uspid="68" ordinal="7" sl="68" sc="1" el="68" ec="2" bec="0" bev="0" fileid="3" />
                <SequencePoint vc="19" uspid="69" ordinal="8" sl="69" sc="1" el="69" ec="2" bec="0" bev="0" fileid="3" />
              </SequencePoints>
              <BranchPoints />
              <MethodPoint vc="9" uspid="0" p8:type="SequencePoint" ordinal="0" offset="0" sc="0" sl="61" ec="1" el="69" bec="0" bev="0" fileid="3" xmlns:p8="xsi" />
            </Method>
            <Method cyclomaticComplexity="1" nPathComplexity="1" sequenceCoverage="100" branchCoverage="100" isConstructor="True" isGetter="False" isSetter="False" isStatic="True">
              <Summary numSequencePoints="4" visitedSequencePoints="4" numBranchPoints="0" visitedBranchPoints="0" sequenceCoverage="100" branchCoverage="100" maxCyclomaticComplexity="1" minCyclomaticComplexity="1" visitedClasses="0" numClasses="0" visitedMethods="1" numMethods="1" />
              <MetadataToken />
              <Name>System.Void controle_estoque_cshap.Services.UserService.UserService::.ctor(controle_estoque_cshap.Repositories.UserRepository.IUserRepository)</Name>
              <FileRef uid="3" />
              <SequencePoints>
                <SequencePoint vc="17" uspid="14" ordinal="0" sl="14" sc="1" el="14" ec="2" bec="0" bev="0" fileid="3" />
                <SequencePoint vc="17" uspid="15" ordinal="1" sl="15" sc="1" el="15" ec="2" bec="0" bev="0" fileid="3" />
                <SequencePoint vc="17" uspid="16" ordinal="2" sl="16" sc="1" el="16" ec="2" bec="0" bev="0" fileid="3" />
                <SequencePoint vc="17" uspid="17" ordinal="3" sl="17" sc="1" el="17" ec="2" bec="0" bev="0" fileid="3" />
              </SequencePoints>
              <BranchPoints />
              <MethodPoint vc="4" uspid="0" p8:type="SequencePoint" ordinal="1" offset="1" sc="0" sl="14" ec="1" el="17" bec="0" bev="0" fileid="3" xmlns:p8="xsi" />
            </Method>
          </Methods>
        </Class>
        <Class>
          <Summary numSequencePoints="21" visitedSequencePoints="21" numBranchPoints="10" visitedBranchPoints="10" sequenceCoverage="100" branchCoverage="100" maxCyclomaticComplexity="10" minCyclomaticComplexity="10" visitedClasses="1" numClasses="1" visitedMethods="1" numMethods="1" />
          <FullName>controle_estoque_cshap.Services.UserService.UserService/&lt;CreateAsync&gt;d__4</FullName>
          <Methods>
            <Method cyclomaticComplexity="10" nPathComplexity="10" sequenceCoverage="100" branchCoverage="100" isConstructor="False" isGetter="False" isSetter="False" isStatic="True">
              <Summary numSequencePoints="21" visitedSequencePoints="21" numBranchPoints="10" visitedBranchPoints="10" sequenceCoverage="100" branchCoverage="100" maxCyclomaticComplexity="10" minCyclomaticComplexity="10" visitedClasses="0" numClasses="0" visitedMethods="1" numMethods="1" />
              <MetadataToken />
              <Name>System.Void controle_estoque_cshap.Services.UserService.UserService/&lt;CreateAsync&gt;d__4::MoveNext()</Name>
              <FileRef uid="3" />
              <SequencePoints>
                <SequencePoint vc="14" uspid="32" ordinal="0" sl="32" sc="1" el="32" ec="2" bec="0" bev="0" fileid="3" />
                <SequencePoint vc="14" uspid="33" ordinal="1" sl="33" sc="1" el="33" ec="2" bec="2" bev="2" fileid="3" />
                <SequencePoint vc="1" uspid="34" ordinal="2" sl="34" sc="1" el="34" ec="2" bec="0" bev="0" fileid="3" />
                <SequencePoint vc="13" uspid="36" ordinal="3" sl="36" sc="1" el="36" ec="2" bec="2" bev="2" fileid="3" />
                <SequencePoint vc="1" uspid="37" ordinal="4" sl="37" sc="1" el="37" ec="2" bec="0" bev="0" fileid="3" />
                <SequencePoint vc="12" uspid="39" ordinal="5" sl="39" sc="1" el="39" ec="2" bec="2" bev="2" fileid="3" />
                <SequencePoint vc="1" uspid="40" ordinal="6" sl="40" sc="1" el="40" ec="2" bec="0" bev="0" fileid="3" />
                <SequencePoint vc="11" uspid="42" ordinal="7" sl="42" sc="1" el="42" ec="2" bec="2" bev="2" fileid="3" />
                <SequencePoint vc="1" uspid="43" ordinal="8" sl="43" sc="1" el="43" ec="2" bec="0" bev="0" fileid="3" />
                <SequencePoint vc="10" uspid="45" ordinal="9" sl="45" sc="1" el="45" ec="2" bec="0" bev="0" fileid="3" />
                <SequencePoint vc="10" uspid="46" ordinal="10" sl="46" sc="1" el="46" ec="2" bec="2" bev="2" fileid="3" />
                <SequencePoint vc="2" uspid="47" ordinal="11" sl="47" sc="1" el="47" ec="2" bec="0" bev="0" fileid="3" />
                <SequencePoint vc="8" uspid="49" ordinal="12" sl="49" sc="1" el="49" ec="2" bec="0" bev="0" fileid="3" />
                <SequencePoint vc="8" uspid="50" ordinal="13" sl="50" sc="1" el="50" ec="2" bec="0" bev="0" fileid="3" />
                <SequencePoint vc="8" uspid="51" ordinal="14" sl="51" sc="1" el="51" ec="2" bec="0" bev="0" fileid="3" />
                <SequencePoint vc="8" uspid="52" ordinal="15" sl="52" sc="1" el="52" ec="2" bec="0" bev="0" fileid="3" />
                <SequencePoint vc="8" uspid="53" ordinal="16" sl="53" sc="1" el="53" ec="2" bec="0" bev="0" fileid="3" />
                <SequencePoint vc="8" uspid="54" ordinal="17" sl="54" sc="1" el="54" ec="2" bec="0" bev="0" fileid="3" />
                <SequencePoint vc="8" uspid="56" ordinal="18" sl="56" sc="1" el="56" ec="2" bec="0" bev="0" fileid="3" />
                <SequencePoint vc="8" uspid="57" ordinal="19" sl="57" sc="1" el="57" ec="2" bec="0" bev="0" fileid="3" />
                <SequencePoint vc="10" uspid="58" ordinal="20" sl="58" sc="1" el="58" ec="2" bec="0" bev="0" fileid="3" />
              </SequencePoints>
              <BranchPoints>
                <BranchPoint vc="1" uspid="33" ordinal="0" path="0" offset="47" offsetend="49" sl="33" fileid="3" />
                <BranchPoint vc="13" uspid="33" ordinal="1" path="1" offset="47" offsetend="65" sl="33" fileid="3" />
                <BranchPoint vc="1" uspid="36" ordinal="2" path="0" offset="83" offsetend="85" sl="36" fileid="3" />
                <BranchPoint vc="12" uspid="36" ordinal="3" path="1" offset="83" offsetend="101" sl="36" fileid="3" />
                <BranchPoint vc="1" uspid="39" ordinal="4" path="0" offset="126" offsetend="128" sl="39" fileid="3" />
                <BranchPoint vc="11" uspid="39" ordinal="5" path="1" offset="126" offsetend="144" sl="39" fileid="3" />
                <BranchPoint vc="1" uspid="42" ordinal="6" path="0" offset="164" offsetend="166" sl="42" fileid="3" />
                <BranchPoint vc="10" uspid="42" ordinal="7" path="1" offset="164" offsetend="182" sl="42" fileid="3" />
                <BranchPoint vc="2" uspid="46" ordinal="8" path="0" offset="340" offsetend="342" sl="46" fileid="3" />
                <BranchPoint vc="8" uspid="46" ordinal="9" path="1" offset="340" offsetend="349" sl="46" fileid="3" />
              </BranchPoints>
              <MethodPoint vc="21" uspid="0" p8:type="SequencePoint" ordinal="0" offset="0" sc="0" sl="32" ec="1" el="58" bec="0" bev="0" fileid="3" xmlns:p8="xsi" />
            </Method>
          </Methods>
        </Class>
        <Class>
          <Summary numSequencePoints="4" visitedSequencePoints="4" numBranchPoints="0" visitedBranchPoints="0" sequenceCoverage="100" branchCoverage="100" maxCyclomaticComplexity="1" minCyclomaticComplexity="1" visitedClasses="1" numClasses="1" visitedMethods="1" numMethods="1" />
          <FullName>controle_estoque_cshap.Services.UserService.UserService/&lt;GetAllAsync&gt;d__2</FullName>
          <Methods>
            <Method cyclomaticComplexity="1" nPathComplexity="1" sequenceCoverage="100" branchCoverage="100" isConstructor="False" isGetter="False" isSetter="False" isStatic="True">
              <Summary numSequencePoints="4" visitedSequencePoints="4" numBranchPoints="0" visitedBranchPoints="0" sequenceCoverage="100" branchCoverage="100" maxCyclomaticComplexity="1" minCyclomaticComplexity="1" visitedClasses="0" numClasses="0" visitedMethods="1" numMethods="1" />
              <MetadataToken />
              <Name>System.Void controle_estoque_cshap.Services.UserService.UserService/&lt;GetAllAsync&gt;d__2::MoveNext()</Name>
              <FileRef uid="3" />
              <SequencePoints>
                <SequencePoint vc="5" uspid="20" ordinal="0" sl="20" sc="1" el="20" ec="2" bec="0" bev="0" fileid="3" />
                <SequencePoint vc="5" uspid="21" ordinal="1" sl="21" sc="1" el="21" ec="2" bec="0" bev="0" fileid="3" />
                <SequencePoint vc="5" uspid="22" ordinal="2" sl="22" sc="1" el="22" ec="2" bec="0" bev="0" fileid="3" />
                <SequencePoint vc="5" uspid="23" ordinal="3" sl="23" sc="1" el="23" ec="2" bec="0" bev="0" fileid="3" />
              </SequencePoints>
              <BranchPoints />
              <MethodPoint vc="4" uspid="0" p8:type="SequencePoint" ordinal="0" offset="0" sc="0" sl="20" ec="1" el="23" bec="0" bev="0" fileid="3" xmlns:p8="xsi" />
            </Method>
          </Methods>
        </Class>
        <Class>
          <Summary numSequencePoints="4" visitedSequencePoints="4" numBranchPoints="2" visitedBranchPoints="2" sequenceCoverage="100" branchCoverage="100" maxCyclomaticComplexity="2" minCyclomaticComplexity="2" visitedClasses="1" numClasses="1" visitedMethods="1" numMethods="1" />
          <FullName>controle_estoque_cshap.Services.UserService.UserService/&lt;GetByIdAsync&gt;d__3</FullName>
          <Methods>
            <Method cyclomaticComplexity="2" nPathComplexity="2" sequenceCoverage="100" branchCoverage="100" isConstructor="False" isGetter="False" isSetter="False" isStatic="True">
              <Summary numSequencePoints="4" visitedSequencePoints="4" numBranchPoints="2" visitedBranchPoints="2" sequenceCoverage="100" branchCoverage="100" maxCyclomaticComplexity="2" minCyclomaticComplexity="2" visitedClasses="0" numClasses="0" visitedMethods="1" numMethods="1" />
              <MetadataToken />
              <Name>System.Void controle_estoque_cshap.Services.UserService.UserService/&lt;GetByIdAsync&gt;d__3::MoveNext()</Name>
              <FileRef uid="3" />
              <SequencePoints>
                <SequencePoint vc="4" uspid="26" ordinal="0" sl="26" sc="1" el="26" ec="2" bec="0" bev="0" fileid="3" />
                <SequencePoint vc="4" uspid="27" ordinal="1" sl="27" sc="1" el="27" ec="2" bec="0" bev="0" fileid="3" />
                <SequencePoint vc="4" uspid="28" ordinal="2" sl="28" sc="1" el="28" ec="2" bec="2" bev="2" fileid="3" />
                <SequencePoint vc="4" uspid="29" ordinal="3" sl="29" sc="1" el="29" ec="2" bec="0" bev="0" fileid="3" />
              </SequencePoints>
              <BranchPoints>
                <BranchPoint vc="3" uspid="28" ordinal="0" path="0" offset="157" offsetend="159" sl="28" fileid="3" />
                <BranchPoint vc="1" uspid="28" ordinal="1" path="1" offset="157" offsetend="172" sl="28" fileid="3" />
              </BranchPoints>
              <MethodPoint vc="4" uspid="0" p8:type="SequencePoint" ordinal="0" offset="0" sc="0" sl="26" ec="1" el="29" bec="0" bev="0" fileid="3" xmlns:p8="xsi" />
            </Method>
          </Methods>
        </Class>
        <Class>
          <Summary numSequencePoints="12" visitedSequencePoints="12" numBranchPoints="0" visitedBranchPoints="0" sequenceCoverage="100" branchCoverage="100" maxCyclomaticComplexity="1" minCyclomaticComplexity="1" visitedClasses="1" numClasses="1" visitedMethods="2" numMethods="2" />
          <FullName>controle_estoque_cshap.Services.ProductService.ProductService</FullName>
          <Methods>
            <Method cyclomaticComplexity="1" nPathComplexity="1" sequenceCoverage="100" branchCoverage="100" isConstructor="False" isGetter="False" isSetter="False" isStatic="True">
              <Summary numSequencePoints="8" visitedSequencePoints="8" numBranchPoints="0" visitedBranchPoints="0" sequenceCoverage="100" branchCoverage="100" maxCyclomaticComplexity="1" minCyclomaticComplexity="1" visitedClasses="0" numClasses="0" visitedMethods="1" numMethods="1" />
              <MetadataToken />
              <Name>System.Collections.Generic.List`1&lt;controle_estoque_cshap.DTOs.ProductDto.ProductActiveDto&gt; controle_estoque_cshap.Services.ProductService.ProductService::GetActiveProducts()</Name>
              <FileRef uid="4" />
              <SequencePoints>
                <SequencePoint vc="1" uspid="60" ordinal="0" sl="60" sc="1" el="60" ec="2" bec="0" bev="0" fileid="4" />
                <SequencePoint vc="1" uspid="61" ordinal="1" sl="61" sc="1" el="61" ec="2" bec="0" bev="0" fileid="4" />
                <SequencePoint vc="3" uspid="63" ordinal="2" sl="63" sc="1" el="63" ec="2" bec="0" bev="0" fileid="4" />
                <SequencePoint vc="3" uspid="64" ordinal="3" sl="64" sc="1" el="64" ec="2" bec="0" bev="0" fileid="4" />
                <SequencePoint vc="3" uspid="65" ordinal="4" sl="65" sc="1" el="65" ec="2" bec="0" bev="0" fileid="4" />
                <SequencePoint vc="3" uspid="66" ordinal="5" sl="66" sc="1" el="66" ec="2" bec="0" bev="0" fileid="4" />
                <SequencePoint vc="3" uspid="67" ordinal="6" sl="67" sc="1" el="67" ec="2" bec="0" bev="0" fileid="4" />
                <SequencePoint vc="1" uspid="68" ordinal="7" sl="68" sc="1" el="68" ec="2" bec="0" bev="0" fileid="4" />
              </SequencePoints>
              <BranchPoints />
              <MethodPoint vc="8" uspid="0" p8:type="SequencePoint" ordinal="0" offset="0" sc="0" sl="60" ec="1" el="68" bec="0" bev="0" fileid="4" xmlns:p8="xsi" />
            </Method>
            <Method cyclomaticComplexity="1" nPathComplexity="1" sequenceCoverage="100" branchCoverage="100" isConstructor="True" isGetter="False" isSetter="False" isStatic="True">
              <Summary numSequencePoints="4" visitedSequencePoints="4" numBranchPoints="0" visitedBranchPoints="0" sequenceCoverage="100" branchCoverage="100" maxCyclomaticComplexity="1" minCyclomaticComplexity="1" visitedClasses="0" numClasses="0" visitedMethods="1" numMethods="1" />
              <MetadataToken />
              <Name>System.Void controle_estoque_cshap.Services.ProductService.ProductService::.ctor(controle_estoque_cshap.Repositories.ProductRepository.IProductRepository)</Name>
              <FileRef uid="4" />
              <SequencePoints>
                <SequencePoint vc="16" uspid="18" ordinal="0" sl="18" sc="1" el="18" ec="2" bec="0" bev="0" fileid="4" />
                <SequencePoint vc="16" uspid="19" ordinal="1" sl="19" sc="1" el="19" ec="2" bec="0" bev="0" fileid="4" />
                <SequencePoint vc="16" uspid="20" ordinal="2" sl="20" sc="1" el="20" ec="2" bec="0" bev="0" fileid="4" />
                <SequencePoint vc="16" uspid="21" ordinal="3" sl="21" sc="1" el="21" ec="2" bec="0" bev="0" fileid="4" />
              </SequencePoints>
              <BranchPoints />
              <MethodPoint vc="4" uspid="0" p8:type="SequencePoint" ordinal="1" offset="1" sc="0" sl="18" ec="1" el="21" bec="0" bev="0" fileid="4" xmlns:p8="xsi" />
            </Method>
          </Methods>
        </Class>
        <Class>
          <Summary numSequencePoints="25" visitedSequencePoints="19" numBranchPoints="0" visitedBranchPoints="0" sequenceCoverage="76" branchCoverage="100" maxCyclomaticComplexity="1" minCyclomaticComplexity="1" visitedClasses="1" numClasses="1" visitedMethods="2" numMethods="6" />
          <FullName>controle_estoque_cshap.Services.ProductService.ProductService/&lt;&gt;c</FullName>
          <Methods>
            <Method cyclomaticComplexity="1" nPathComplexity="1" sequenceCoverage="90.9" branchCoverage="100" isConstructor="False" isGetter="False" isSetter="False" isStatic="True">
              <Summary numSequencePoints="11" visitedSequencePoints="10" numBranchPoints="0" visitedBranchPoints="0" sequenceCoverage="90.9" branchCoverage="100" maxCyclomaticComplexity="1" minCyclomaticComplexity="1" visitedClasses="0" numClasses="0" visitedMethods="1" numMethods="1" />
              <MetadataToken />
              <Name>controle_estoque_cshap.DTOs.ProductDto.ProductDto controle_estoque_cshap.Services.ProductService.ProductService/&lt;&gt;c::&lt;GetInactiveAsync&gt;b__2_0(controle_estoque_cshap.Models.Product)</Name>
              <FileRef uid="4" />
              <SequencePoints>
                <SequencePoint vc="2" uspid="27" ordinal="0" sl="27" sc="1" el="27" ec="2" bec="0" bev="0" fileid="4" />
                <SequencePoint vc="2" uspid="28" ordinal="1" sl="28" sc="1" el="28" ec="2" bec="0" bev="0" fileid="4" />
                <SequencePoint vc="2" uspid="29" ordinal="2" sl="29" sc="1" el="29" ec="2" bec="0" bev="0" fileid="4" />
                <SequencePoint vc="2" uspid="30" ordinal="3" sl="30" sc="1" el="30" ec="2" bec="0" bev="0" fileid="4" />
                <SequencePoint vc="2" uspid="31" ordinal="4" sl="31" sc="1" el="31" ec="2" bec="0" bev="0" fileid="4" />
                <SequencePoint vc="2" uspid="32" ordinal="5" sl="32" sc="1" el="32" ec="2" bec="0" bev="0" fileid="4" />
                <SequencePoint vc="2" uspid="33" ordinal="6" sl="33" sc="1" el="33" ec="2" bec="0" bev="0" fileid="4" />
                <SequencePoint vc="2" uspid="34" ordinal="7" sl="34" sc="1" el="34" ec="2" bec="0" bev="0" fileid="4" />
                <SequencePoint vc="2" uspid="35" ordinal="8" sl="35" sc="1" el="35" ec="2" bec="0" bev="0" fileid="4" />
                <SequencePoint vc="0" uspid="36" ordinal="9" sl="36" sc="1" el="36" ec="2" bec="0" bev="0" fileid="4" />
                <SequencePoint vc="2" uspid="37" ordinal="10" sl="37" sc="1" el="37" ec="2" bec="0" bev="0" fileid="4" />
              </SequencePoints>
              <BranchPoints />
              <MethodPoint vc="10" uspid="0" p8:type="SequencePoint" ordinal="0" offset="0" sc="0" sl="27" ec="1" el="37" bec="0" bev="0" fileid="4" xmlns:p8="xsi" />
            </Method>
            <Method cyclomaticComplexity="1" nPathComplexity="1" sequenceCoverage="0" branchCoverage="100" isConstructor="False" isGetter="False" isSetter="False" isStatic="True">
              <Summary numSequencePoints="1" visitedSequencePoints="0" numBranchPoints="0" visitedBranchPoints="0" sequenceCoverage="0" branchCoverage="100" maxCyclomaticComplexity="1" minCyclomaticComplexity="1" visitedClasses="0" numClasses="0" visitedMethods="0" numMethods="1" />
              <MetadataToken />
              <Name>System.Int32 controle_estoque_cshap.Services.ProductService.ProductService/&lt;&gt;c::&lt;GetByIdAsync&gt;b__3_0(controle_estoque_cshap.Models.Item)</Name>
              <FileRef uid="4" />
              <SequencePoints>
                <SequencePoint vc="0" uspid="56" ordinal="0" sl="56" sc="1" el="56" ec="2" bec="0" bev="0" fileid="4" />
              </SequencePoints>
              <BranchPoints />
              <MethodPoint vc="0" uspid="0" p8:type="SequencePoint" ordinal="1" offset="1" sc="0" sl="56" ec="1" el="56" bec="0" bev="0" fileid="4" xmlns:p8="xsi" />
            </Method>
            <Method cyclomaticComplexity="1" nPathComplexity="1" sequenceCoverage="0" branchCoverage="100" isConstructor="False" isGetter="False" isSetter="False" isStatic="True">
              <Summary numSequencePoints="1" visitedSequencePoints="0" numBranchPoints="0" visitedBranchPoints="0" sequenceCoverage="0" branchCoverage="100" maxCyclomaticComplexity="1" minCyclomaticComplexity="1" visitedClasses="0" numClasses="0" visitedMethods="0" numMethods="1" />
              <MetadataToken />
              <Name>System.Int32 controle_estoque_cshap.Services.ProductService.ProductService/&lt;&gt;c::&lt;GetBySkuAsync&gt;b__5_0(controle_estoque_cshap.Models.Item)</Name>
              <FileRef uid="4" />
              <SequencePoints>
                <SequencePoint vc="0" uspid="85" ordinal="0" sl="85" sc="1" el="85" ec="2" bec="0" bev="0" fileid="4" />
              </SequencePoints>
              <BranchPoints />
              <MethodPoint vc="0" uspid="0" p8:type="SequencePoint" ordinal="2" offset="2" sc="0" sl="85" ec="1" el="85" bec="0" bev="0" fileid="4" xmlns:p8="xsi" />
            </Method>
            <Method cyclomaticComplexity="1" nPathComplexity="1" sequenceCoverage="0" branchCoverage="100" isConstructor="False" isGetter="False" isSetter="False" isStatic="True">
              <Summary numSequencePoints="1" visitedSequencePoints="0" numBranchPoints="0" visitedBranchPoints="0" sequenceCoverage="0" branchCoverage="100" maxCyclomaticComplexity="1" minCyclomaticComplexity="1" visitedClasses="0" numClasses="0" visitedMethods="0" numMethods="1" />
              <MetadataToken />
              <Name>System.Int32 controle_estoque_cshap.Services.ProductService.ProductService/&lt;&gt;c::&lt;CreateAsync&gt;b__6_0(controle_estoque_cshap.Models.Item)</Name>
              <FileRef uid="4" />
              <SequencePoints>
                <SequencePoint vc="0" uspid="126" ordinal="0" sl="126" sc="1" el="126" ec="2" bec="0" bev="0" fileid="4" />
              </SequencePoints>
              <BranchPoints />
              <MethodPoint vc="0" uspid="0" p8:type="SequencePoint" ordinal="3" offset="3" sc="0" sl="126" ec="1" el="126" bec="0" bev="0" fileid="4" xmlns:p8="xsi" />
            </Method>
            <Method cyclomaticComplexity="1" nPathComplexity="1" sequenceCoverage="0" branchCoverage="100" isConstructor="False" isGetter="False" isSetter="False" isStatic="True">
              <Summary numSequencePoints="1" visitedSequencePoints="0" numBranchPoints="0" visitedBranchPoints="0" sequenceCoverage="0" branchCoverage="100" maxCyclomaticComplexity="1" minCyclomaticComplexity="1" visitedClasses="0" numClasses="0" visitedMethods="0" numMethods="1" />
              <MetadataToken />
              <Name>System.Int32 controle_estoque_cshap.Services.ProductService.ProductService/&lt;&gt;c::&lt;UpdateAsync&gt;b__7_0(controle_estoque_cshap.Models.Item)</Name>
              <FileRef uid="4" />
              <SequencePoints>
                <SequencePoint vc="0" uspid="161" ordinal="0" sl="161" sc="1" el="161" ec="2" bec="0" bev="0" fileid="4" />
              </SequencePoints>
              <BranchPoints />
              <MethodPoint vc="0" uspid="0" p8:type="SequencePoint" ordinal="4" offset="4" sc="0" sl="161" ec="1" el="161" bec="0" bev="0" fileid="4" xmlns:p8="xsi" />
            </Method>
            <Method cyclomaticComplexity="1" nPathComplexity="1" sequenceCoverage="90" branchCoverage="100" isConstructor="False" isGetter="False" isSetter="False" isStatic="True">
              <Summary numSequencePoints="10" visitedSequencePoints="9" numBranchPoints="0" visitedBranchPoints="0" sequenceCoverage="90" branchCoverage="100" maxCyclomaticComplexity="1" minCyclomaticComplexity="1" visitedClasses="0" numClasses="0" visitedMethods="1" numMethods="1" />
              <MetadataToken />
              <Name>controle_estoque_cshap.DTOs.ProductDto.ProductDto controle_estoque_cshap.Services.ProductService.ProductService/&lt;&gt;c::&lt;GetLowStockAsync&gt;b__9_0(controle_estoque_cshap.Models.Product)</Name>
              <FileRef uid="4" />
              <SequencePoints>
                <SequencePoint vc="2" uspid="181" ordinal="0" sl="181" sc="1" el="181" ec="2" bec="0" bev="0" fileid="4" />
                <SequencePoint vc="2" uspid="182" ordinal="1" sl="182" sc="1" el="182" ec="2" bec="0" bev="0" fileid="4" />
                <SequencePoint vc="2" uspid="183" ordinal="2" sl="183" sc="1" el="183" ec="2" bec="0" bev="0" fileid="4" />
                <SequencePoint vc="2" uspid="184" ordinal="3" sl="184" sc="1" el="184" ec="2" bec="0" bev="0" fileid="4" />
                <SequencePoint vc="2" uspid="185" ordinal="4" sl="185" sc="1" el="185" ec="2" bec="0" bev="0" fileid="4" />
                <SequencePoint vc="2" uspid="186" ordinal="5" sl="186" sc="1" el="186" ec="2" bec="0" bev="0" fileid="4" />
                <SequencePoint vc="2" uspid="187" ordinal="6" sl="187" sc="1" el="187" ec="2" bec="0" bev="0" fileid="4" />
                <SequencePoint vc="2" uspid="188" ordinal="7" sl="188" sc="1" el="188" ec="2" bec="0" bev="0" fileid="4" />
                <SequencePoint vc="0" uspid="189" ordinal="8" sl="189" sc="1" el="189" ec="2" bec="0" bev="0" fileid="4" />
                <SequencePoint vc="2" uspid="190" ordinal="9" sl="190" sc="1" el="190" ec="2" bec="0" bev="0" fileid="4" />
              </SequencePoints>
              <BranchPoints />
              <MethodPoint vc="9" uspid="0" p8:type="SequencePoint" ordinal="5" offset="5" sc="0" sl="181" ec="1" el="190" bec="0" bev="0" fileid="4" xmlns:p8="xsi" />
            </Method>
          </Methods>
        </Class>
        <Class>
          <Summary numSequencePoints="32" visitedSequencePoints="31" numBranchPoints="8" visitedBranchPoints="7" sequenceCoverage="96.87" branchCoverage="87.5" maxCyclomaticComplexity="8" minCyclomaticComplexity="8" visitedClasses="1" numClasses="1" visitedMethods="1" numMethods="1" />
          <FullName>controle_estoque_cshap.Services.ProductService.ProductService/&lt;CreateAsync&gt;d__6</FullName>
          <Methods>
            <Method cyclomaticComplexity="8" nPathComplexity="8" sequenceCoverage="96.87" branchCoverage="87.5" isConstructor="False" isGetter="False" isSetter="False" isStatic="True">
              <Summary numSequencePoints="32" visitedSequencePoints="31" numBranchPoints="8" visitedBranchPoints="7" sequenceCoverage="96.87" branchCoverage="87.5" maxCyclomaticComplexity="8" minCyclomaticComplexity="8" visitedClasses="0" numClasses="0" visitedMethods="1" numMethods="1" />
              <MetadataToken />
              <Name>System.Void controle_estoque_cshap.Services.ProductService.ProductService/&lt;CreateAsync&gt;d__6::MoveNext()</Name>
              <FileRef uid="4" />
              <SequencePoints>
                <SequencePoint vc="4" uspid="89" ordinal="0" sl="89" sc="1" el="89" ec="2" bec="0" bev="0" fileid="4" />
                <SequencePoint vc="4" uspid="90" ordinal="1" sl="90" sc="1" el="90" ec="2" bec="2" bev="2" fileid="4" />
                <SequencePoint vc="1" uspid="91" ordinal="2" sl="91" sc="1" el="91" ec="2" bec="0" bev="0" fileid="4" />
                <SequencePoint vc="3" uspid="93" ordinal="3" sl="93" sc="1" el="93" ec="2" bec="2" bev="2" fileid="4" />
                <SequencePoint vc="1" uspid="94" ordinal="4" sl="94" sc="1" el="94" ec="2" bec="0" bev="0" fileid="4" />
                <SequencePoint vc="2" uspid="96" ordinal="5" sl="96" sc="1" el="96" ec="2" bec="2" bev="2" fileid="4" />
                <SequencePoint vc="1" uspid="97" ordinal="6" sl="97" sc="1" el="97" ec="2" bec="0" bev="0" fileid="4" />
                <SequencePoint vc="1" uspid="99" ordinal="7" sl="99" sc="1" el="99" ec="2" bec="0" bev="0" fileid="4" />
                <SequencePoint vc="1" uspid="100" ordinal="8" sl="100" sc="1" el="100" ec="2" bec="0" bev="0" fileid="4" />
                <SequencePoint vc="1" uspid="101" ordinal="9" sl="101" sc="1" el="101" ec="2" bec="0" bev="0" fileid="4" />
                <SequencePoint vc="1" uspid="102" ordinal="10" sl="102" sc="1" el="102" ec="2" bec="0" bev="0" fileid="4" />
                <SequencePoint vc="1" uspid="103" ordinal="11" sl="103" sc="1" el="103" ec="2" bec="0" bev="0" fileid="4" />
                <SequencePoint vc="1" uspid="104" ordinal="12" sl="104" sc="1" el="104" ec="2" bec="0" bev="0" fileid="4" />
                <SequencePoint vc="1" uspid="105" ordinal="13" sl="105" sc="1" el="105" ec="2" bec="0" bev="0" fileid="4" />
                <SequencePoint vc="1" uspid="106" ordinal="14" sl="106" sc="1" el="106" ec="2" bec="0" bev="0" fileid="4" />
                <SequencePoint vc="1" uspid="107" ordinal="15" sl="107" sc="1" el="107" ec="2" bec="0" bev="0" fileid="4" />
                <SequencePoint vc="1" uspid="108" ordinal="16" sl="108" sc="1" el="108" ec="2" bec="0" bev="0" fileid="4" />
                <SequencePoint vc="1" uspid="110" ordinal="17" sl="110" sc="1" el="110" ec="2" bec="0" bev="0" fileid="4" />
                <SequencePoint vc="1" uspid="112" ordinal="18" sl="112" sc="1" el="112" ec="2" bec="0" bev="0" fileid="4" />
                <SequencePoint vc="1" uspid="114" ordinal="19" sl="114" sc="1" el="114" ec="2" bec="2" bev="1" fileid="4" />
                <SequencePoint vc="0" uspid="115" ordinal="20" sl="115" sc="1" el="115" ec="2" bec="0" bev="0" fileid="4" />
                <SequencePoint vc="1" uspid="117" ordinal="21" sl="117" sc="1" el="117" ec="2" bec="0" bev="0" fileid="4" />
                <SequencePoint vc="1" uspid="118" ordinal="22" sl="118" sc="1" el="118" ec="2" bec="0" bev="0" fileid="4" />
                <SequencePoint vc="1" uspid="119" ordinal="23" sl="119" sc="1" el="119" ec="2" bec="0" bev="0" fileid="4" />
                <SequencePoint vc="1" uspid="120" ordinal="24" sl="120" sc="1" el="120" ec="2" bec="0" bev="0" fileid="4" />
                <SequencePoint vc="1" uspid="121" ordinal="25" sl="121" sc="1" el="121" ec="2" bec="0" bev="0" fileid="4" />
                <SequencePoint vc="1" uspid="122" ordinal="26" sl="122" sc="1" el="122" ec="2" bec="0" bev="0" fileid="4" />
                <SequencePoint vc="1" uspid="123" ordinal="27" sl="123" sc="1" el="123" ec="2" bec="0" bev="0" fileid="4" />
                <SequencePoint vc="1" uspid="124" ordinal="28" sl="124" sc="1" el="124" ec="2" bec="0" bev="0" fileid="4" />
                <SequencePoint vc="1" uspid="125" ordinal="29" sl="125" sc="1" el="125" ec="2" bec="0" bev="0" fileid="4" />
                <SequencePoint vc="1" uspid="127" ordinal="30" sl="127" sc="1" el="127" ec="2" bec="0" bev="0" fileid="4" />
                <SequencePoint vc="1" uspid="128" ordinal="31" sl="128" sc="1" el="128" ec="2" bec="0" bev="0" fileid="4" />
              </SequencePoints>
              <BranchPoints>
                <BranchPoint vc="1" uspid="90" ordinal="0" path="0" offset="61" offsetend="63" sl="90" fileid="4" />
                <BranchPoint vc="3" uspid="90" ordinal="1" path="1" offset="61" offsetend="74" sl="90" fileid="4" />
                <BranchPoint vc="1" uspid="93" ordinal="2" path="0" offset="92" offsetend="94" sl="93" fileid="4" />
                <BranchPoint vc="2" uspid="93" ordinal="3" path="1" offset="92" offsetend="105" sl="93" fileid="4" />
                <BranchPoint vc="1" uspid="96" ordinal="4" path="0" offset="126" offsetend="128" sl="96" fileid="4" />
                <BranchPoint vc="1" uspid="96" ordinal="5" path="1" offset="126" offsetend="139" sl="96" fileid="4" />
                <BranchPoint vc="0" uspid="114" ordinal="6" path="0" offset="687" offsetend="689" sl="114" fileid="4" />
                <BranchPoint vc="1" uspid="114" ordinal="7" path="1" offset="687" offsetend="696" sl="114" fileid="4" />
              </BranchPoints>
              <MethodPoint vc="31" uspid="0" p8:type="SequencePoint" ordinal="0" offset="0" sc="0" sl="89" ec="1" el="128" bec="0" bev="0" fileid="4" xmlns:p8="xsi" />
            </Method>
          </Methods>
        </Class>
        <Class>
          <Summary numSequencePoints="8" visitedSequencePoints="8" numBranchPoints="6" visitedBranchPoints="5" sequenceCoverage="100" branchCoverage="83.33" maxCyclomaticComplexity="6" minCyclomaticComplexity="6" visitedClasses="1" numClasses="1" visitedMethods="1" numMethods="1" />
          <FullName>controle_estoque_cshap.Services.ProductService.ProductService/&lt;DeleteAsync&gt;d__8</FullName>
          <Methods>
            <Method cyclomaticComplexity="6" nPathComplexity="6" sequenceCoverage="100" branchCoverage="83.33" isConstructor="False" isGetter="False" isSetter="False" isStatic="True">
              <Summary numSequencePoints="8" visitedSequencePoints="8" numBranchPoints="6" visitedBranchPoints="5" sequenceCoverage="100" branchCoverage="83.33" maxCyclomaticComplexity="6" minCyclomaticComplexity="6" visitedClasses="0" numClasses="0" visitedMethods="1" numMethods="1" />
              <MetadataToken />
              <Name>System.Void controle_estoque_cshap.Services.ProductService.ProductService/&lt;DeleteAsync&gt;d__8::MoveNext()</Name>
              <FileRef uid="4" />
              <SequencePoints>
                <SequencePoint vc="2" uspid="165" ordinal="0" sl="165" sc="1" el="165" ec="2" bec="0" bev="0" fileid="4" />
                <SequencePoint vc="2" uspid="166" ordinal="1" sl="166" sc="1" el="166" ec="2" bec="0" bev="0" fileid="4" />
                <SequencePoint vc="2" uspid="168" ordinal="2" sl="168" sc="1" el="168" ec="2" bec="6" bev="5" fileid="4" />
                <SequencePoint vc="1" uspid="169" ordinal="3" sl="169" sc="1" el="169" ec="2" bec="0" bev="0" fileid="4" />
                <SequencePoint vc="1" uspid="171" ordinal="4" sl="171" sc="1" el="171" ec="2" bec="0" bev="0" fileid="4" />
                <SequencePoint vc="1" uspid="173" ordinal="5" sl="173" sc="1" el="173" ec="2" bec="0" bev="0" fileid="4" />
                <SequencePoint vc="1" uspid="175" ordinal="6" sl="175" sc="1" el="175" ec="2" bec="0" bev="0" fileid="4" />
                <SequencePoint vc="2" uspid="176" ordinal="7" sl="176" sc="1" el="176" ec="2" bec="0" bev="0" fileid="4" />
              </SequencePoints>
              <BranchPoints>
                <BranchPoint vc="1" uspid="168" ordinal="0" path="0" offset="168" offsetend="170" sl="168" fileid="4" />
                <BranchPoint vc="0" uspid="168" ordinal="2" path="0" offset="190" offsetend="192" sl="168" fileid="4" />
                <BranchPoint vc="1" uspid="168" ordinal="3" path="1" offset="190" offsetend="204" sl="168" fileid="4" />
                <BranchPoint vc="1" uspid="168" ordinal="1" path="1" offset="168" offsetend="242" sl="168" fileid="4" />
                <BranchPoint vc="1" uspid="168" ordinal="4" path="0" offset="247" offsetend="249" sl="168" fileid="4" />
                <BranchPoint vc="1" uspid="168" ordinal="5" path="1" offset="247" offsetend="256" sl="168" fileid="4" />
              </BranchPoints>
              <MethodPoint vc="8" uspid="0" p8:type="SequencePoint" ordinal="0" offset="0" sc="0" sl="165" ec="1" el="176" bec="0" bev="0" fileid="4" xmlns:p8="xsi" />
            </Method>
          </Methods>
        </Class>
        <Class>
          <Summary numSequencePoints="15" visitedSequencePoints="15" numBranchPoints="2" visitedBranchPoints="2" sequenceCoverage="100" branchCoverage="100" maxCyclomaticComplexity="2" minCyclomaticComplexity="2" visitedClasses="1" numClasses="1" visitedMethods="1" numMethods="1" />
          <FullName>controle_estoque_cshap.Services.ProductService.ProductService/&lt;GetByIdAsync&gt;d__3</FullName>
          <Methods>
            <Method cyclomaticComplexity="2" nPathComplexity="2" sequenceCoverage="100" branchCoverage="100" isConstructor="False" isGetter="False" isSetter="False" isStatic="True">
              <Summary numSequencePoints="15" visitedSequencePoints="15" numBranchPoints="2" visitedBranchPoints="2" sequenceCoverage="100" branchCoverage="100" maxCyclomaticComplexity="2" minCyclomaticComplexity="2" visitedClasses="0" numClasses="0" visitedMethods="1" numMethods="1" />
              <MetadataToken />
              <Name>System.Void controle_estoque_cshap.Services.ProductService.ProductService/&lt;GetByIdAsync&gt;d__3::MoveNext()</Name>
              <FileRef uid="4" />
              <SequencePoints>
                <SequencePoint vc="2" uspid="41" ordinal="0" sl="41" sc="1" el="41" ec="2" bec="0" bev="0" fileid="4" />
                <SequencePoint vc="2" uspid="42" ordinal="1" sl="42" sc="1" el="42" ec="2" bec="0" bev="0" fileid="4" />
                <SequencePoint vc="2" uspid="44" ordinal="2" sl="44" sc="1" el="44" ec="2" bec="2" bev="2" fileid="4" />
                <SequencePoint vc="1" uspid="45" ordinal="3" sl="45" sc="1" el="45" ec="2" bec="0" bev="0" fileid="4" />
                <SequencePoint vc="1" uspid="47" ordinal="4" sl="47" sc="1" el="47" ec="2" bec="0" bev="0" fileid="4" />
                <SequencePoint vc="1" uspid="48" ordinal="5" sl="48" sc="1" el="48" ec="2" bec="0" bev="0" fileid="4" />
                <SequencePoint vc="1" uspid="49" ordinal="6" sl="49" sc="1" el="49" ec="2" bec="0" bev="0" fileid="4" />
                <SequencePoint vc="1" uspid="50" ordinal="7" sl="50" sc="1" el="50" ec="2" bec="0" bev="0" fileid="4" />
                <SequencePoint vc="1" uspid="51" ordinal="8" sl="51" sc="1" el="51" ec="2" bec="0" bev="0" fileid="4" />
                <SequencePoint vc="1" uspid="52" ordinal="9" sl="52" sc="1" el="52" ec="2" bec="0" bev="0" fileid="4" />
                <SequencePoint vc="1" uspid="53" ordinal="10" sl="53" sc="1" el="53" ec="2" bec="0" bev="0" fileid="4" />
                <SequencePoint vc="1" uspid="54" ordinal="11" sl="54" sc="1" el="54" ec="2" bec="0" bev="0" fileid="4" />
                <SequencePoint vc="1" uspid="55" ordinal="12" sl="55" sc="1" el="55" ec="2" bec="0" bev="0" fileid="4" />
                <SequencePoint vc="1" uspid="57" ordinal="13" sl="57" sc="1" el="57" ec="2" bec="0" bev="0" fileid="4" />
                <SequencePoint vc="2" uspid="58" ordinal="14" sl="58" sc="1" el="58" ec="2" bec="0" bev="0" fileid="4" />
              </SequencePoints>
              <BranchPoints>
                <BranchPoint vc="1" uspid="44" ordinal="0" path="0" offset="164" offsetend="166" sl="44" fileid="4" />
                <BranchPoint vc="1" uspid="44" ordinal="1" path="1" offset="164" offsetend="173" sl="44" fileid="4" />
              </BranchPoints>
              <MethodPoint vc="15" uspid="0" p8:type="SequencePoint" ordinal="0" offset="0" sc="0" sl="41" ec="1" el="58" bec="0" bev="0" fileid="4" xmlns:p8="xsi" />
            </Method>
          </Methods>
        </Class>
        <Class>
          <Summary numSequencePoints="15" visitedSequencePoints="15" numBranchPoints="2" visitedBranchPoints="2" sequenceCoverage="100" branchCoverage="100" maxCyclomaticComplexity="2" minCyclomaticComplexity="2" visitedClasses="1" numClasses="1" visitedMethods="1" numMethods="1" />
          <FullName>controle_estoque_cshap.Services.ProductService.ProductService/&lt;GetBySkuAsync&gt;d__5</FullName>
          <Methods>
            <Method cyclomaticComplexity="2" nPathComplexity="2" sequenceCoverage="100" branchCoverage="100" isConstructor="False" isGetter="False" isSetter="False" isStatic="True">
              <Summary numSequencePoints="15" visitedSequencePoints="15" numBranchPoints="2" visitedBranchPoints="2" sequenceCoverage="100" branchCoverage="100" maxCyclomaticComplexity="2" minCyclomaticComplexity="2" visitedClasses="0" numClasses="0" visitedMethods="1" numMethods="1" />
              <MetadataToken />
              <Name>System.Void controle_estoque_cshap.Services.ProductService.ProductService/&lt;GetBySkuAsync&gt;d__5::MoveNext()</Name>
              <FileRef uid="4" />
              <SequencePoints>
                <SequencePoint vc="2" uspid="70" ordinal="0" sl="70" sc="1" el="70" ec="2" bec="0" bev="0" fileid="4" />
                <SequencePoint vc="2" uspid="71" ordinal="1" sl="71" sc="1" el="71" ec="2" bec="0" bev="0" fileid="4" />
                <SequencePoint vc="2" uspid="73" ordinal="2" sl="73" sc="1" el="73" ec="2" bec="2" bev="2" fileid="4" />
                <SequencePoint vc="1" uspid="74" ordinal="3" sl="74" sc="1" el="74" ec="2" bec="0" bev="0" fileid="4" />
                <SequencePoint vc="1" uspid="76" ordinal="4" sl="76" sc="1" el="76" ec="2" bec="0" bev="0" fileid="4" />
                <SequencePoint vc="1" uspid="77" ordinal="5" sl="77" sc="1" el="77" ec="2" bec="0" bev="0" fileid="4" />
                <SequencePoint vc="1" uspid="78" ordinal="6" sl="78" sc="1" el="78" ec="2" bec="0" bev="0" fileid="4" />
                <SequencePoint vc="1" uspid="79" ordinal="7" sl="79" sc="1" el="79" ec="2" bec="0" bev="0" fileid="4" />
                <SequencePoint vc="1" uspid="80" ordinal="8" sl="80" sc="1" el="80" ec="2" bec="0" bev="0" fileid="4" />
                <SequencePoint vc="1" uspid="81" ordinal="9" sl="81" sc="1" el="81" ec="2" bec="0" bev="0" fileid="4" />
                <SequencePoint vc="1" uspid="82" ordinal="10" sl="82" sc="1" el="82" ec="2" bec="0" bev="0" fileid="4" />
                <SequencePoint vc="1" uspid="83" ordinal="11" sl="83" sc="1" el="83" ec="2" bec="0" bev="0" fileid="4" />
                <SequencePoint vc="1" uspid="84" ordinal="12" sl="84" sc="1" el="84" ec="2" bec="0" bev="0" fileid="4" />
                <SequencePoint vc="1" uspid="86" ordinal="13" sl="86" sc="1" el="86" ec="2" bec="0" bev="0" fileid="4" />
                <SequencePoint vc="2" uspid="87" ordinal="14" sl="87" sc="1" el="87" ec="2" bec="0" bev="0" fileid="4" />
              </SequencePoints>
              <BranchPoints>
                <BranchPoint vc="1" uspid="73" ordinal="0" path="0" offset="164" offsetend="166" sl="73" fileid="4" />
                <BranchPoint vc="1" uspid="73" ordinal="1" path="1" offset="164" offsetend="173" sl="73" fileid="4" />
              </BranchPoints>
              <MethodPoint vc="15" uspid="0" p8:type="SequencePoint" ordinal="0" offset="0" sc="0" sl="70" ec="1" el="87" bec="0" bev="0" fileid="4" xmlns:p8="xsi" />
            </Method>
          </Methods>
        </Class>
        <Class>
          <Summary numSequencePoints="3" visitedSequencePoints="3" numBranchPoints="0" visitedBranchPoints="0" sequenceCoverage="100" branchCoverage="100" maxCyclomaticComplexity="1" minCyclomaticComplexity="1" visitedClasses="1" numClasses="1" visitedMethods="1" numMethods="1" />
          <FullName>controle_estoque_cshap.Services.ProductService.ProductService/&lt;GetInactiveAsync&gt;d__2</FullName>
          <Methods>
            <Method cyclomaticComplexity="1" nPathComplexity="1" sequenceCoverage="100" branchCoverage="100" isConstructor="False" isGetter="False" isSetter="False" isStatic="True">
              <Summary numSequencePoints="3" visitedSequencePoints="3" numBranchPoints="0" visitedBranchPoints="0" sequenceCoverage="100" branchCoverage="100" maxCyclomaticComplexity="1" minCyclomaticComplexity="1" visitedClasses="0" numClasses="0" visitedMethods="1" numMethods="1" />
              <MetadataToken />
              <Name>System.Void controle_estoque_cshap.Services.ProductService.ProductService/&lt;GetInactiveAsync&gt;d__2::MoveNext()</Name>
              <FileRef uid="4" />
              <SequencePoints>
                <SequencePoint vc="1" uspid="24" ordinal="0" sl="24" sc="1" el="24" ec="2" bec="0" bev="0" fileid="4" />
                <SequencePoint vc="1" uspid="25" ordinal="1" sl="25" sc="1" el="25" ec="2" bec="0" bev="0" fileid="4" />
                <SequencePoint vc="1" uspid="38" ordinal="2" sl="38" sc="1" el="38" ec="2" bec="0" bev="0" fileid="4" />
              </SequencePoints>
              <BranchPoints />
              <MethodPoint vc="3" uspid="0" p8:type="SequencePoint" ordinal="0" offset="0" sc="0" sl="24" ec="1" el="38" bec="0" bev="0" fileid="4" xmlns:p8="xsi" />
            </Method>
          </Methods>
        </Class>
        <Class>
          <Summary numSequencePoints="3" visitedSequencePoints="3" numBranchPoints="0" visitedBranchPoints="0" sequenceCoverage="100" branchCoverage="100" maxCyclomaticComplexity="1" minCyclomaticComplexity="1" visitedClasses="1" numClasses="1" visitedMethods="1" numMethods="1" />
          <FullName>controle_estoque_cshap.Services.ProductService.ProductService/&lt;GetLowStockAsync&gt;d__9</FullName>
          <Methods>
            <Method cyclomaticComplexity="1" nPathComplexity="1" sequenceCoverage="100" branchCoverage="100" isConstructor="False" isGetter="False" isSetter="False" isStatic="True">
              <Summary numSequencePoints="3" visitedSequencePoints="3" numBranchPoints="0" visitedBranchPoints="0" sequenceCoverage="100" branchCoverage="100" maxCyclomaticComplexity="1" minCyclomaticComplexity="1" visitedClasses="0" numClasses="0" visitedMethods="1" numMethods="1" />
              <MetadataToken />
              <Name>System.Void controle_estoque_cshap.Services.ProductService.ProductService/&lt;GetLowStockAsync&gt;d__9::MoveNext()</Name>
              <FileRef uid="4" />
              <SequencePoints>
                <SequencePoint vc="1" uspid="178" ordinal="0" sl="178" sc="1" el="178" ec="2" bec="0" bev="0" fileid="4" />
                <SequencePoint vc="1" uspid="179" ordinal="1" sl="179" sc="1" el="179" ec="2" bec="0" bev="0" fileid="4" />
                <SequencePoint vc="1" uspid="191" ordinal="2" sl="191" sc="1" el="191" ec="2" bec="0" bev="0" fileid="4" />
              </SequencePoints>
              <BranchPoints />
              <MethodPoint vc="3" uspid="0" p8:type="SequencePoint" ordinal="0" offset="0" sc="0" sl="178" ec="1" el="191" bec="0" bev="0" fileid="4" xmlns:p8="xsi" />
            </Method>
          </Methods>
        </Class>
        <Class>
          <Summary numSequencePoints="26" visitedSequencePoints="25" numBranchPoints="14" visitedBranchPoints="12" sequenceCoverage="96.15" branchCoverage="85.71" maxCyclomaticComplexity="14" minCyclomaticComplexity="14" visitedClasses="1" numClasses="1" visitedMethods="1" numMethods="1" />
          <FullName>controle_estoque_cshap.Services.ProductService.ProductService/&lt;UpdateAsync&gt;d__7</FullName>
          <Methods>
            <Method cyclomaticComplexity="14" nPathComplexity="14" sequenceCoverage="96.15" branchCoverage="85.71" isConstructor="False" isGetter="False" isSetter="False" isStatic="True">
              <Summary numSequencePoints="26" visitedSequencePoints="25" numBranchPoints="14" visitedBranchPoints="12" sequenceCoverage="96.15" branchCoverage="85.71" maxCyclomaticComplexity="14" minCyclomaticComplexity="14" visitedClasses="0" numClasses="0" visitedMethods="1" numMethods="1" />
              <MetadataToken />
              <Name>System.Void controle_estoque_cshap.Services.ProductService.ProductService/&lt;UpdateAsync&gt;d__7::MoveNext()</Name>
              <FileRef uid="4" />
              <SequencePoints>
                <SequencePoint vc="3" uspid="130" ordinal="0" sl="130" sc="1" el="130" ec="2" bec="0" bev="0" fileid="4" />
                <SequencePoint vc="3" uspid="131" ordinal="1" sl="131" sc="1" el="131" ec="2" bec="0" bev="0" fileid="4" />
                <SequencePoint vc="3" uspid="133" ordinal="2" sl="133" sc="1" el="133" ec="2" bec="6" bev="5" fileid="4" />
                <SequencePoint vc="1" uspid="134" ordinal="3" sl="134" sc="1" el="134" ec="2" bec="0" bev="0" fileid="4" />
                <SequencePoint vc="2" uspid="136" ordinal="4" sl="136" sc="1" el="136" ec="2" bec="2" bev="2" fileid="4" />
                <SequencePoint vc="2" uspid="137" ordinal="5" sl="137" sc="1" el="137" ec="2" bec="0" bev="0" fileid="4" />
                <SequencePoint vc="2" uspid="138" ordinal="6" sl="138" sc="1" el="138" ec="2" bec="2" bev="2" fileid="4" />
                <SequencePoint vc="1" uspid="139" ordinal="7" sl="139" sc="1" el="139" ec="2" bec="0" bev="0" fileid="4" />
                <SequencePoint vc="1" uspid="141" ordinal="8" sl="141" sc="1" el="141" ec="2" bec="0" bev="0" fileid="4" />
                <SequencePoint vc="1" uspid="142" ordinal="9" sl="142" sc="1" el="142" ec="2" bec="0" bev="0" fileid="4" />
                <SequencePoint vc="1" uspid="144" ordinal="10" sl="144" sc="1" el="144" ec="2" bec="2" bev="2" fileid="4" />
                <SequencePoint vc="1" uspid="145" ordinal="11" sl="145" sc="1" el="145" ec="2" bec="0" bev="0" fileid="4" />
                <SequencePoint vc="1" uspid="147" ordinal="12" sl="147" sc="1" el="147" ec="2" bec="2" bev="1" fileid="4" />
                <SequencePoint vc="0" uspid="148" ordinal="13" sl="148" sc="1" el="148" ec="2" bec="0" bev="0" fileid="4" />
                <SequencePoint vc="1" uspid="150" ordinal="14" sl="150" sc="1" el="150" ec="2" bec="0" bev="0" fileid="4" />
                <SequencePoint vc="1" uspid="152" ordinal="15" sl="152" sc="1" el="152" ec="2" bec="0" bev="0" fileid="4" />
                <SequencePoint vc="1" uspid="153" ordinal="16" sl="153" sc="1" el="153" ec="2" bec="0" bev="0" fileid="4" />
                <SequencePoint vc="1" uspid="154" ordinal="17" sl="154" sc="1" el="154" ec="2" bec="0" bev="0" fileid="4" />
                <SequencePoint vc="1" uspid="155" ordinal="18" sl="155" sc="1" el="155" ec="2" bec="0" bev="0" fileid="4" />
                <SequencePoint vc="1" uspid="156" ordinal="19" sl="156" sc="1" el="156" ec="2" bec="0" bev="0" fileid="4" />
                <SequencePoint vc="1" uspid="157" ordinal="20" sl="157" sc="1" el="157" ec="2" bec="0" bev="0" fileid="4" />
                <SequencePoint vc="1" uspid="158" ordinal="21" sl="158" sc="1" el="158" ec="2" bec="0" bev="0" fileid="4" />
                <SequencePoint vc="1" uspid="159" ordinal="22" sl="159" sc="1" el="159" ec="2" bec="0" bev="0" fileid="4" />
                <SequencePoint vc="1" uspid="160" ordinal="23" sl="160" sc="1" el="160" ec="2" bec="0" bev="0" fileid="4" />
                <SequencePoint vc="1" uspid="162" ordinal="24" sl="162" sc="1" el="162" ec="2" bec="0" bev="0" fileid="4" />
                <SequencePoint vc="2" uspid="163" ordinal="25" sl="163" sc="1" el="163" ec="2" bec="0" bev="0" fileid="4" />
              </SequencePoints>
              <BranchPoints>
                <BranchPoint vc="2" uspid="133" ordinal="0" path="0" offset="168" offsetend="170" sl="133" fileid="4" />
                <BranchPoint vc="0" uspid="133" ordinal="2" path="0" offset="190" offsetend="192" sl="133" fileid="4" />
                <BranchPoint vc="2" uspid="133" ordinal="3" path="1" offset="190" offsetend="204" sl="133" fileid="4" />
                <BranchPoint vc="1" uspid="133" ordinal="1" path="1" offset="168" offsetend="242" sl="133" fileid="4" />
                <BranchPoint vc="1" uspid="133" ordinal="4" path="0" offset="247" offsetend="249" sl="133" fileid="4" />
                <BranchPoint vc="2" uspid="133" ordinal="5" path="1" offset="247" offsetend="256" sl="133" fileid="4" />
                <BranchPoint vc="2" uspid="136" ordinal="6" path="0" offset="274" offsetend="276" sl="136" fileid="4" />
                <BranchPoint vc="1" uspid="138" ordinal="8" path="0" offset="297" offsetend="299" sl="138" fileid="4" />
                <BranchPoint vc="1" uspid="138" ordinal="9" path="1" offset="297" offsetend="310" sl="138" fileid="4" />
                <BranchPoint vc="1" uspid="136" ordinal="7" path="1" offset="274" offsetend="339" sl="136" fileid="4" />
                <BranchPoint vc="1" uspid="144" ordinal="10" path="0" offset="363" offsetend="365" sl="144" fileid="4" />
                <BranchPoint vc="1" uspid="144" ordinal="11" path="1" offset="363" offsetend="397" sl="144" fileid="4" />
                <BranchPoint vc="0" uspid="147" ordinal="12" path="0" offset="421" offsetend="423" sl="147" fileid="4" />
                <BranchPoint vc="1" uspid="147" ordinal="13" path="1" offset="421" offsetend="460" sl="147" fileid="4" />
              </BranchPoints>
              <MethodPoint vc="25" uspid="0" p8:type="SequencePoint" ordinal="0" offset="0" sc="0" sl="130" ec="1" el="163" bec="0" bev="0" fileid="4" xmlns:p8="xsi" />
            </Method>
          </Methods>
        </Class>
        <Class>
          <Summary numSequencePoints="22" visitedSequencePoints="22" numBranchPoints="10" visitedBranchPoints="9" sequenceCoverage="100" branchCoverage="90" maxCyclomaticComplexity="10" minCyclomaticComplexity="1" visitedClasses="1" numClasses="1" visitedMethods="2" numMethods="2" />
          <FullName>controle_estoque_cshap.Services.MovementService.MovementService</FullName>
          <Methods>
            <Method cyclomaticComplexity="10" nPathComplexity="10" sequenceCoverage="100" branchCoverage="90" isConstructor="False" isGetter="False" isSetter="False" isStatic="True">
              <Summary numSequencePoints="15" visitedSequencePoints="15" numBranchPoints="10" visitedBranchPoints="9" sequenceCoverage="100" branchCoverage="90" maxCyclomaticComplexity="10" minCyclomaticComplexity="10" visitedClasses="0" numClasses="0" visitedMethods="1" numMethods="1" />
              <MetadataToken />
              <Name>controle_estoque_cshap.DTOs.MovementDto.MovementDto controle_estoque_cshap.Services.MovementService.MovementService::Map(controle_estoque_cshap.Models.Movement)</Name>
              <FileRef uid="5" />
              <SequencePoints>
                <SequencePoint vc="3" uspid="76" ordinal="0" sl="76" sc="1" el="76" ec="2" bec="0" bev="0" fileid="5" />
                <SequencePoint vc="3" uspid="77" ordinal="1" sl="77" sc="1" el="77" ec="2" bec="10" bev="9" fileid="5" />
                <SequencePoint vc="3" uspid="78" ordinal="2" sl="78" sc="1" el="78" ec="2" bec="0" bev="0" fileid="5" />
                <SequencePoint vc="3" uspid="79" ordinal="3" sl="79" sc="1" el="79" ec="2" bec="0" bev="0" fileid="5" />
                <SequencePoint vc="3" uspid="80" ordinal="4" sl="80" sc="1" el="80" ec="2" bec="0" bev="0" fileid="5" />
                <SequencePoint vc="3" uspid="81" ordinal="5" sl="81" sc="1" el="81" ec="2" bec="0" bev="0" fileid="5" />
                <SequencePoint vc="3" uspid="82" ordinal="6" sl="82" sc="1" el="82" ec="2" bec="0" bev="0" fileid="5" />
                <SequencePoint vc="3" uspid="83" ordinal="7" sl="83" sc="1" el="83" ec="2" bec="0" bev="0" fileid="5" />
                <SequencePoint vc="3" uspid="84" ordinal="8" sl="84" sc="1" el="84" ec="2" bec="0" bev="0" fileid="5" />
                <SequencePoint vc="3" uspid="85" ordinal="9" sl="85" sc="1" el="85" ec="2" bec="0" bev="0" fileid="5" />
                <SequencePoint vc="3" uspid="86" ordinal="10" sl="86" sc="1" el="86" ec="2" bec="0" bev="0" fileid="5" />
                <SequencePoint vc="3" uspid="87" ordinal="11" sl="87" sc="1" el="87" ec="2" bec="0" bev="0" fileid="5" />
                <SequencePoint vc="3" uspid="88" ordinal="12" sl="88" sc="1" el="88" ec="2" bec="0" bev="0" fileid="5" />
                <SequencePoint vc="3" uspid="89" ordinal="13" sl="89" sc="1" el="89" ec="2" bec="0" bev="0" fileid="5" />
                <SequencePoint vc="3" uspid="90" ordinal="14" sl="90" sc="1" el="90" ec="2" bec="0" bev="0" fileid="5" />
              </SequencePoints>
              <BranchPoints>
                <BranchPoint vc="1" uspid="77" ordinal="0" path="0" offset="113" offsetend="115" sl="77" fileid="5" />
                <BranchPoint vc="2" uspid="77" ordinal="1" path="1" offset="113" offsetend="119" sl="77" fileid="5" />
                <BranchPoint vc="0" uspid="77" ordinal="2" path="0" offset="125" offsetend="127" sl="77" fileid="5" />
                <BranchPoint vc="2" uspid="77" ordinal="3" path="1" offset="125" offsetend="131" sl="77" fileid="5" />
                <BranchPoint vc="1" uspid="77" ordinal="4" path="0" offset="137" offsetend="139" sl="77" fileid="5" />
                <BranchPoint vc="3" uspid="77" ordinal="5" path="1" offset="137" offsetend="145" sl="77" fileid="5" />
                <BranchPoint vc="1" uspid="77" ordinal="6" path="0" offset="172" offsetend="174" sl="77" fileid="5" />
                <BranchPoint vc="2" uspid="77" ordinal="7" path="1" offset="172" offsetend="178" sl="77" fileid="5" />
                <BranchPoint vc="1" uspid="77" ordinal="8" path="0" offset="184" offsetend="186" sl="77" fileid="5" />
                <BranchPoint vc="3" uspid="77" ordinal="9" path="1" offset="184" offsetend="192" sl="77" fileid="5" />
              </BranchPoints>
              <MethodPoint vc="15" uspid="0" p8:type="SequencePoint" ordinal="0" offset="0" sc="0" sl="76" ec="1" el="90" bec="0" bev="0" fileid="5" xmlns:p8="xsi" />
            </Method>
            <Method cyclomaticComplexity="1" nPathComplexity="1" sequenceCoverage="100" branchCoverage="100" isConstructor="True" isGetter="False" isSetter="False" isStatic="True">
              <Summary numSequencePoints="7" visitedSequencePoints="7" numBranchPoints="0" visitedBranchPoints="0" sequenceCoverage="100" branchCoverage="100" maxCyclomaticComplexity="1" minCyclomaticComplexity="1" visitedClasses="0" numClasses="0" visitedMethods="1" numMethods="1" />
              <MetadataToken />
              <Name>System.Void controle_estoque_cshap.Services.MovementService.MovementService::.ctor(controle_estoque_cshap.Repositories.MovementRepository.IMovementRepository,controle_estoque_cshap.Repositories.ItemRepository.IItemRepository)</Name>
              <FileRef uid="5" />
              <SequencePoints>
                <SequencePoint vc="5" uspid="13" ordinal="0" sl="13" sc="1" el="13" ec="2" bec="0" bev="0" fileid="5" />
                <SequencePoint vc="5" uspid="14" ordinal="1" sl="14" sc="1" el="14" ec="2" bec="0" bev="0" fileid="5" />
                <SequencePoint vc="5" uspid="15" ordinal="2" sl="15" sc="1" el="15" ec="2" bec="0" bev="0" fileid="5" />
                <SequencePoint vc="5" uspid="16" ordinal="3" sl="16" sc="1" el="16" ec="2" bec="0" bev="0" fileid="5" />
                <SequencePoint vc="5" uspid="17" ordinal="4" sl="17" sc="1" el="17" ec="2" bec="0" bev="0" fileid="5" />
                <SequencePoint vc="5" uspid="18" ordinal="5" sl="18" sc="1" el="18" ec="2" bec="0" bev="0" fileid="5" />
                <SequencePoint vc="5" uspid="19" ordinal="6" sl="19" sc="1" el="19" ec="2" bec="0" bev="0" fileid="5" />
              </SequencePoints>
              <BranchPoints />
              <MethodPoint vc="7" uspid="0" p8:type="SequencePoint" ordinal="1" offset="1" sc="0" sl="13" ec="1" el="19" bec="0" bev="0" fileid="5" xmlns:p8="xsi" />
            </Method>
          </Methods>
        </Class>
        <Class>
          <Summary numSequencePoints="2" visitedSequencePoints="2" numBranchPoints="0" visitedBranchPoints="0" sequenceCoverage="100" branchCoverage="100" maxCyclomaticComplexity="1" minCyclomaticComplexity="1" visitedClasses="1" numClasses="1" visitedMethods="2" numMethods="2" />
          <FullName>controle_estoque_cshap.Services.MovementService.MovementService/&lt;&gt;c</FullName>
          <Methods>
            <Method cyclomaticComplexity="1" nPathComplexity="1" sequenceCoverage="100" branchCoverage="100" isConstructor="False" isGetter="False" isSetter="False" isStatic="True">
              <Summary numSequencePoints="1" visitedSequencePoints="1" numBranchPoints="0" visitedBranchPoints="0" sequenceCoverage="100" branchCoverage="100" maxCyclomaticComplexity="1" minCyclomaticComplexity="1" visitedClasses="0" numClasses="0" visitedMethods="1" numMethods="1" />
              <MetadataToken />
              <Name>controle_estoque_cshap.DTOs.MovementDto.MovementDto controle_estoque_cshap.Services.MovementService.MovementService/&lt;&gt;c::&lt;GetByItemAsync&gt;b__3_0(controle_estoque_cshap.Models.Movement)</Name>
              <FileRef uid="5" />
              <SequencePoints>
                <SequencePoint vc="2" uspid="25" ordinal="0" sl="25" sc="1" el="25" ec="2" bec="0" bev="0" fileid="5" />
              </SequencePoints>
              <BranchPoints />
              <MethodPoint vc="1" uspid="0" p8:type="SequencePoint" ordinal="0" offset="0" sc="0" sl="25" ec="1" el="25" bec="0" bev="0" fileid="5" xmlns:p8="xsi" />
            </Method>
            <Method cyclomaticComplexity="1" nPathComplexity="1" sequenceCoverage="100" branchCoverage="100" isConstructor="False" isGetter="False" isSetter="False" isStatic="True">
[...]
                <SequencePoint vc="3" uspid="34" ordinal="2" sl="34" sc="1" el="34" ec="2" bec="0" bev="0" fileid="33" />
                <SequencePoint vc="2" uspid="35" ordinal="3" sl="35" sc="1" el="35" ec="2" bec="2" bev="2" fileid="33" />
                <SequencePoint vc="1" uspid="36" ordinal="4" sl="36" sc="1" el="36" ec="2" bec="0" bev="0" fileid="33" />
                <SequencePoint vc="1" uspid="37" ordinal="5" sl="37" sc="1" el="37" ec="2" bec="0" bev="0" fileid="33" />
                <SequencePoint vc="1" uspid="40" ordinal="6" sl="40" sc="1" el="40" ec="2" bec="0" bev="0" fileid="33" />
                <SequencePoint vc="1" uspid="42" ordinal="7" sl="42" sc="1" el="42" ec="2" bec="0" bev="0" fileid="33" />
                <SequencePoint vc="1" uspid="43" ordinal="8" sl="43" sc="1" el="43" ec="2" bec="0" bev="0" fileid="33" />
                <SequencePoint vc="1" uspid="44" ordinal="9" sl="44" sc="1" el="44" ec="2" bec="0" bev="0" fileid="33" />
                <SequencePoint vc="3" uspid="46" ordinal="10" sl="46" sc="1" el="46" ec="2" bec="0" bev="0" fileid="33" />
              </SequencePoints>
              <BranchPoints>
                <BranchPoint vc="1" uspid="35" ordinal="0" path="0" offset="167" offsetend="169" sl="35" fileid="33" />
                <BranchPoint vc="1" uspid="35" ordinal="1" path="1" offset="167" offsetend="199" sl="35" fileid="33" />
              </BranchPoints>
              <MethodPoint vc="11" uspid="0" p8:type="SequencePoint" ordinal="0" offset="0" sc="0" sl="31" ec="1" el="46" bec="0" bev="0" fileid="33" xmlns:p8="xsi" />
            </Method>
          </Methods>
        </Class>
        <Class>
          <Summary numSequencePoints="14" visitedSequencePoints="0" numBranchPoints="4" visitedBranchPoints="0" sequenceCoverage="0" branchCoverage="0" maxCyclomaticComplexity="4" minCyclomaticComplexity="4" visitedClasses="0" numClasses="1" visitedMethods="0" numMethods="1" />
          <FullName>controle_estoque_cshap.Controllers.ProductController/&lt;GetLowStock&gt;d__10</FullName>
          <Methods>
            <Method cyclomaticComplexity="4" nPathComplexity="4" sequenceCoverage="0" branchCoverage="0" isConstructor="False" isGetter="False" isSetter="False" isStatic="True">
              <Summary numSequencePoints="14" visitedSequencePoints="0" numBranchPoints="4" visitedBranchPoints="0" sequenceCoverage="0" branchCoverage="0" maxCyclomaticComplexity="4" minCyclomaticComplexity="4" visitedClasses="0" numClasses="0" visitedMethods="0" numMethods="1" />
              <MetadataToken />
              <Name>System.Void controle_estoque_cshap.Controllers.ProductController/&lt;GetLowStock&gt;d__10::MoveNext()</Name>
              <FileRef uid="33" />
              <SequencePoints>
                <SequencePoint vc="0" uspid="220" ordinal="0" sl="220" sc="1" el="220" ec="2" bec="0" bev="0" fileid="33" />
                <SequencePoint vc="0" uspid="222" ordinal="1" sl="222" sc="1" el="222" ec="2" bec="0" bev="0" fileid="33" />
                <SequencePoint vc="0" uspid="223" ordinal="2" sl="223" sc="1" el="223" ec="2" bec="0" bev="0" fileid="33" />
                <SequencePoint vc="0" uspid="225" ordinal="3" sl="225" sc="1" el="225" ec="2" bec="4" bev="0" fileid="33" />
                <SequencePoint vc="0" uspid="226" ordinal="4" sl="226" sc="1" el="226" ec="2" bec="0" bev="0" fileid="33" />
                <SequencePoint vc="0" uspid="228" ordinal="5" sl="228" sc="1" el="228" ec="2" bec="0" bev="0" fileid="33" />
                <SequencePoint vc="0" uspid="230" ordinal="6" sl="230" sc="1" el="230" ec="2" bec="0" bev="0" fileid="33" />
                <SequencePoint vc="0" uspid="231" ordinal="7" sl="231" sc="1" el="231" ec="2" bec="0" bev="0" fileid="33" />
                <SequencePoint vc="0" uspid="232" ordinal="8" sl="232" sc="1" el="232" ec="2" bec="0" bev="0" fileid="33" />
                <SequencePoint vc="0" uspid="233" ordinal="9" sl="233" sc="1" el="233" ec="2" bec="0" bev="0" fileid="33" />
                <SequencePoint vc="0" uspid="234" ordinal="10" sl="234" sc="1" el="234" ec="2" bec="0" bev="0" fileid="33" />
                <SequencePoint vc="0" uspid="235" ordinal="11" sl="235" sc="1" el="235" ec="2" bec="0" bev="0" fileid="33" />
                <SequencePoint vc="0" uspid="236" ordinal="12" sl="236" sc="1" el="236" ec="2" bec="0" bev="0" fileid="33" />
                <SequencePoint vc="0" uspid="238" ordinal="13" sl="238" sc="1" el="238" ec="2" bec="0" bev="0" fileid="33" />
              </SequencePoints>
              <BranchPoints>
                <BranchPoint vc="0" uspid="225" ordinal="0" path="0" offset="160" offsetend="162" sl="225" fileid="33" />
                <BranchPoint vc="0" uspid="225" ordinal="1" path="1" offset="160" offsetend="178" sl="225" fileid="33" />
                <BranchPoint vc="0" uspid="225" ordinal="2" path="0" offset="183" offsetend="185" sl="225" fileid="33" />
                <BranchPoint vc="0" uspid="225" ordinal="3" path="1" offset="183" offsetend="209" sl="225" fileid="33" />
              </BranchPoints>
              <MethodPoint vc="0" uspid="0" p8:type="SequencePoint" ordinal="0" offset="0" sc="0" sl="220" ec="1" el="238" bec="0" bev="0" fileid="33" xmlns:p8="xsi" />
            </Method>
          </Methods>
        </Class>
        <Class>
          <Summary numSequencePoints="14" visitedSequencePoints="0" numBranchPoints="2" visitedBranchPoints="0" sequenceCoverage="0" branchCoverage="0" maxCyclomaticComplexity="2" minCyclomaticComplexity="2" visitedClasses="0" numClasses="1" visitedMethods="0" numMethods="1" />
          <FullName>controle_estoque_cshap.Controllers.ProductController/&lt;Update&gt;d__8</FullName>
          <Methods>
            <Method cyclomaticComplexity="2" nPathComplexity="2" sequenceCoverage="0" branchCoverage="0" isConstructor="False" isGetter="False" isSetter="False" isStatic="True">
              <Summary numSequencePoints="14" visitedSequencePoints="0" numBranchPoints="2" visitedBranchPoints="0" sequenceCoverage="0" branchCoverage="0" maxCyclomaticComplexity="2" minCyclomaticComplexity="2" visitedClasses="0" numClasses="0" visitedMethods="0" numMethods="1" />
              <MetadataToken />
              <Name>System.Void controle_estoque_cshap.Controllers.ProductController/&lt;Update&gt;d__8::MoveNext()</Name>
              <FileRef uid="33" />
              <SequencePoints>
                <SequencePoint vc="0" uspid="171" ordinal="0" sl="171" sc="1" el="171" ec="2" bec="0" bev="0" fileid="33" />
                <SequencePoint vc="0" uspid="173" ordinal="1" sl="173" sc="1" el="173" ec="2" bec="0" bev="0" fileid="33" />
                <SequencePoint vc="0" uspid="174" ordinal="2" sl="174" sc="1" el="174" ec="2" bec="0" bev="0" fileid="33" />
                <SequencePoint vc="0" uspid="176" ordinal="3" sl="176" sc="1" el="176" ec="2" bec="2" bev="0" fileid="33" />
                <SequencePoint vc="0" uspid="177" ordinal="4" sl="177" sc="1" el="177" ec="2" bec="0" bev="0" fileid="33" />
                <SequencePoint vc="0" uspid="179" ordinal="5" sl="179" sc="1" el="179" ec="2" bec="0" bev="0" fileid="33" />
                <SequencePoint vc="0" uspid="181" ordinal="6" sl="181" sc="1" el="181" ec="2" bec="0" bev="0" fileid="33" />
                <SequencePoint vc="0" uspid="182" ordinal="7" sl="182" sc="1" el="182" ec="2" bec="0" bev="0" fileid="33" />
                <SequencePoint vc="0" uspid="183" ordinal="8" sl="183" sc="1" el="183" ec="2" bec="0" bev="0" fileid="33" />
                <SequencePoint vc="0" uspid="184" ordinal="9" sl="184" sc="1" el="184" ec="2" bec="0" bev="0" fileid="33" />
                <SequencePoint vc="0" uspid="185" ordinal="10" sl="185" sc="1" el="185" ec="2" bec="0" bev="0" fileid="33" />
                <SequencePoint vc="0" uspid="186" ordinal="11" sl="186" sc="1" el="186" ec="2" bec="0" bev="0" fileid="33" />
                <SequencePoint vc="0" uspid="187" ordinal="12" sl="187" sc="1" el="187" ec="2" bec="0" bev="0" fileid="33" />
                <SequencePoint vc="0" uspid="189" ordinal="13" sl="189" sc="1" el="189" ec="2" bec="0" bev="0" fileid="33" />
              </SequencePoints>
              <BranchPoints>
                <BranchPoint vc="0" uspid="176" ordinal="0" path="0" offset="179" offsetend="181" sl="176" fileid="33" />
                <BranchPoint vc="0" uspid="176" ordinal="1" path="1" offset="179" offsetend="210" sl="176" fileid="33" />
              </BranchPoints>
              <MethodPoint vc="0" uspid="0" p8:type="SequencePoint" ordinal="0" offset="0" sc="0" sl="171" ec="1" el="189" bec="0" bev="0" fileid="33" xmlns:p8="xsi" />
            </Method>
          </Methods>
        </Class>
        <Class>
          <Summary numSequencePoints="5" visitedSequencePoints="5" numBranchPoints="0" visitedBranchPoints="0" sequenceCoverage="100" branchCoverage="100" maxCyclomaticComplexity="1" minCyclomaticComplexity="1" visitedClasses="1" numClasses="1" visitedMethods="1" numMethods="1" />
          <FullName>controle_estoque_cshap.Controllers.UserController</FullName>
          <Methods>
            <Method cyclomaticComplexity="1" nPathComplexity="1" sequenceCoverage="100" branchCoverage="100" isConstructor="True" isGetter="False" isSetter="False" isStatic="True">
              <Summary numSequencePoints="5" visitedSequencePoints="5" numBranchPoints="0" visitedBranchPoints="0" sequenceCoverage="100" branchCoverage="100" maxCyclomaticComplexity="1" minCyclomaticComplexity="1" visitedClasses="0" numClasses="0" visitedMethods="1" numMethods="1" />
              <MetadataToken />
              <Name>System.Void controle_estoque_cshap.Controllers.UserController::.ctor(controle_estoque_cshap.Services.UserService.IUserService,Microsoft.Extensions.Logging.ILogger`1&lt;controle_estoque_cshap.Controllers.UserController&gt;)</Name>
              <FileRef uid="34" />
              <SequencePoints>
                <SequencePoint vc="12" uspid="18" ordinal="0" sl="18" sc="1" el="18" ec="2" bec="0" bev="0" fileid="34" />
                <SequencePoint vc="12" uspid="19" ordinal="1" sl="19" sc="1" el="19" ec="2" bec="0" bev="0" fileid="34" />
                <SequencePoint vc="12" uspid="20" ordinal="2" sl="20" sc="1" el="20" ec="2" bec="0" bev="0" fileid="34" />
                <SequencePoint vc="12" uspid="21" ordinal="3" sl="21" sc="1" el="21" ec="2" bec="0" bev="0" fileid="34" />
                <SequencePoint vc="12" uspid="22" ordinal="4" sl="22" sc="1" el="22" ec="2" bec="0" bev="0" fileid="34" />
              </SequencePoints>
              <BranchPoints />
              <MethodPoint vc="5" uspid="0" p8:type="SequencePoint" ordinal="0" offset="0" sc="0" sl="18" ec="1" el="22" bec="0" bev="0" fileid="34" xmlns:p8="xsi" />
            </Method>
          </Methods>
        </Class>
        <Class>
          <Summary numSequencePoints="15" visitedSequencePoints="15" numBranchPoints="2" visitedBranchPoints="2" sequenceCoverage="100" branchCoverage="100" maxCyclomaticComplexity="2" minCyclomaticComplexity="2" visitedClasses="1" numClasses="1" visitedMethods="1" numMethods="1" />
          <FullName>controle_estoque_cshap.Controllers.UserController/&lt;Create&gt;d__5</FullName>
          <Methods>
            <Method cyclomaticComplexity="2" nPathComplexity="2" sequenceCoverage="100" branchCoverage="100" isConstructor="False" isGetter="False" isSetter="False" isStatic="True">
              <Summary numSequencePoints="15" visitedSequencePoints="15" numBranchPoints="2" visitedBranchPoints="2" sequenceCoverage="100" branchCoverage="100" maxCyclomaticComplexity="2" minCyclomaticComplexity="2" visitedClasses="0" numClasses="0" visitedMethods="1" numMethods="1" />
              <MetadataToken />
              <Name>System.Void controle_estoque_cshap.Controllers.UserController/&lt;Create&gt;d__5::MoveNext()</Name>
              <FileRef uid="34" />
              <SequencePoints>
                <SequencePoint vc="5" uspid="77" ordinal="0" sl="77" sc="1" el="77" ec="2" bec="0" bev="0" fileid="34" />
                <SequencePoint vc="5" uspid="79" ordinal="1" sl="79" sc="1" el="79" ec="2" bec="0" bev="0" fileid="34" />
                <SequencePoint vc="5" uspid="80" ordinal="2" sl="80" sc="1" el="80" ec="2" bec="0" bev="0" fileid="34" />
                <SequencePoint vc="3" uspid="81" ordinal="3" sl="81" sc="1" el="81" ec="2" bec="2" bev="2" fileid="34" />
                <SequencePoint vc="1" uspid="82" ordinal="4" sl="82" sc="1" el="82" ec="2" bec="0" bev="0" fileid="34" />
                <SequencePoint vc="2" uspid="84" ordinal="5" sl="84" sc="1" el="84" ec="2" bec="0" bev="0" fileid="34" />
                <SequencePoint vc="1" uspid="86" ordinal="6" sl="86" sc="1" el="86" ec="2" bec="0" bev="0" fileid="34" />
                <SequencePoint vc="1" uspid="87" ordinal="7" sl="87" sc="1" el="87" ec="2" bec="0" bev="0" fileid="34" />
                <SequencePoint vc="1" uspid="88" ordinal="8" sl="88" sc="1" el="88" ec="2" bec="0" bev="0" fileid="34" />
                <SequencePoint vc="1" uspid="89" ordinal="9" sl="89" sc="1" el="89" ec="2" bec="0" bev="0" fileid="34" />
                <SequencePoint vc="1" uspid="91" ordinal="10" sl="91" sc="1" el="91" ec="2" bec="0" bev="0" fileid="34" />
                <SequencePoint vc="1" uspid="92" ordinal="11" sl="92" sc="1" el="92" ec="2" bec="0" bev="0" fileid="34" />
                <SequencePoint vc="1" uspid="93" ordinal="12" sl="93" sc="1" el="93" ec="2" bec="0" bev="0" fileid="34" />
                <SequencePoint vc="1" uspid="94" ordinal="13" sl="94" sc="1" el="94" ec="2" bec="0" bev="0" fileid="34" />
                <SequencePoint vc="5" uspid="96" ordinal="14" sl="96" sc="1" el="96" ec="2" bec="0" bev="0" fileid="34" />
              </SequencePoints>
              <BranchPoints>
                <BranchPoint vc="1" uspid="81" ordinal="0" path="0" offset="173" offsetend="175" sl="81" fileid="34" />
                <BranchPoint vc="2" uspid="81" ordinal="1" path="1" offset="173" offsetend="207" sl="81" fileid="34" />
              </BranchPoints>
              <MethodPoint vc="15" uspid="0" p8:type="SequencePoint" ordinal="0" offset="0" sc="0" sl="77" ec="1" el="96" bec="0" bev="0" fileid="34" xmlns:p8="xsi" />
            </Method>
          </Methods>
        </Class>
        <Class>
          <Summary numSequencePoints="9" visitedSequencePoints="9" numBranchPoints="0" visitedBranchPoints="0" sequenceCoverage="100" branchCoverage="100" maxCyclomaticComplexity="1" minCyclomaticComplexity="1" visitedClasses="1" numClasses="1" visitedMethods="1" numMethods="1" />
          <FullName>controle_estoque_cshap.Controllers.UserController/&lt;GetAll&gt;d__3</FullName>
          <Methods>
            <Method cyclomaticComplexity="1" nPathComplexity="1" sequenceCoverage="100" branchCoverage="100" isConstructor="False" isGetter="False" isSetter="False" isStatic="True">
              <Summary numSequencePoints="9" visitedSequencePoints="9" numBranchPoints="0" visitedBranchPoints="0" sequenceCoverage="100" branchCoverage="100" maxCyclomaticComplexity="1" minCyclomaticComplexity="1" visitedClasses="0" numClasses="0" visitedMethods="1" numMethods="1" />
              <MetadataToken />
              <Name>System.Void controle_estoque_cshap.Controllers.UserController/&lt;GetAll&gt;d__3::MoveNext()</Name>
              <FileRef uid="34" />
              <SequencePoints>
                <SequencePoint vc="3" uspid="31" ordinal="0" sl="31" sc="1" el="31" ec="2" bec="0" bev="0" fileid="34" />
                <SequencePoint vc="3" uspid="33" ordinal="1" sl="33" sc="1" el="33" ec="2" bec="0" bev="0" fileid="34" />
                <SequencePoint vc="3" uspid="34" ordinal="2" sl="34" sc="1" el="34" ec="2" bec="0" bev="0" fileid="34" />
                <SequencePoint vc="2" uspid="35" ordinal="3" sl="35" sc="1" el="35" ec="2" bec="0" bev="0" fileid="34" />
                <SequencePoint vc="1" uspid="37" ordinal="4" sl="37" sc="1" el="37" ec="2" bec="0" bev="0" fileid="34" />
                <SequencePoint vc="1" uspid="38" ordinal="5" sl="38" sc="1" el="38" ec="2" bec="0" bev="0" fileid="34" />
                <SequencePoint vc="1" uspid="39" ordinal="6" sl="39" sc="1" el="39" ec="2" bec="0" bev="0" fileid="34" />
                <SequencePoint vc="1" uspid="40" ordinal="7" sl="40" sc="1" el="40" ec="2" bec="0" bev="0" fileid="34" />
                <SequencePoint vc="3" uspid="42" ordinal="8" sl="42" sc="1" el="42" ec="2" bec="0" bev="0" fileid="34" />
              </SequencePoints>
              <BranchPoints />
              <MethodPoint vc="9" uspid="0" p8:type="SequencePoint" ordinal="0" offset="0" sc="0" sl="31" ec="1" el="42" bec="0" bev="0" fileid="34" xmlns:p8="xsi" />
            </Method>
          </Methods>
        </Class>
        <Class>
          <Summary numSequencePoints="11" visitedSequencePoints="11" numBranchPoints="2" visitedBranchPoints="2" sequenceCoverage="100" branchCoverage="100" maxCyclomaticComplexity="2" minCyclomaticComplexity="2" visitedClasses="1" numClasses="1" visitedMethods="1" numMethods="1" />
          <FullName>controle_estoque_cshap.Controllers.UserController/&lt;GetById&gt;d__4</FullName>
          <Methods>
            <Method cyclomaticComplexity="2" nPathComplexity="2" sequenceCoverage="100" branchCoverage="100" isConstructor="False" isGetter="False" isSetter="False" isStatic="True">
              <Summary numSequencePoints="11" visitedSequencePoints="11" numBranchPoints="2" visitedBranchPoints="2" sequenceCoverage="100" branchCoverage="100" maxCyclomaticComplexity="2" minCyclomaticComplexity="2" visitedClasses="0" numClasses="0" visitedMethods="1" numMethods="1" />
              <MetadataToken />
              <Name>System.Void controle_estoque_cshap.Controllers.UserController/&lt;GetById&gt;d__4::MoveNext()</Name>
              <FileRef uid="34" />
              <SequencePoints>
                <SequencePoint vc="4" uspid="52" ordinal="0" sl="52" sc="1" el="52" ec="2" bec="0" bev="0" fileid="34" />
                <SequencePoint vc="4" uspid="54" ordinal="1" sl="54" sc="1" el="54" ec="2" bec="0" bev="0" fileid="34" />
                <SequencePoint vc="4" uspid="55" ordinal="2" sl="55" sc="1" el="55" ec="2" bec="0" bev="0" fileid="34" />
                <SequencePoint vc="3" uspid="56" ordinal="3" sl="56" sc="1" el="56" ec="2" bec="2" bev="2" fileid="34" />
                <SequencePoint vc="1" uspid="57" ordinal="4" sl="57" sc="1" el="57" ec="2" bec="0" bev="0" fileid="34" />
                <SequencePoint vc="2" uspid="59" ordinal="5" sl="59" sc="1" el="59" ec="2" bec="0" bev="0" fileid="34" />
                <SequencePoint vc="1" uspid="61" ordinal="6" sl="61" sc="1" el="61" ec="2" bec="0" bev="0" fileid="34" />
                <SequencePoint vc="1" uspid="62" ordinal="7" sl="62" sc="1" el="62" ec="2" bec="0" bev="0" fileid="34" />
                <SequencePoint vc="1" uspid="63" ordinal="8" sl="63" sc="1" el="63" ec="2" bec="0" bev="0" fileid="34" />
                <SequencePoint vc="1" uspid="64" ordinal="9" sl="64" sc="1" el="64" ec="2" bec="0" bev="0" fileid="34" />
                <SequencePoint vc="4" uspid="66" ordinal="10" sl="66" sc="1" el="66" ec="2" bec="0" bev="0" fileid="34" />
              </SequencePoints>
              <BranchPoints>
                <BranchPoint vc="1" uspid="56" ordinal="0" path="0" offset="173" offsetend="175" sl="56" fileid="34" />
                <BranchPoint vc="2" uspid="56" ordinal="1" path="1" offset="173" offsetend="207" sl="56" fileid="34" />
              </BranchPoints>
              <MethodPoint vc="11" uspid="0" p8:type="SequencePoint" ordinal="0" offset="0" sc="0" sl="52" ec="1" el="66" bec="0" bev="0" fileid="34" xmlns:p8="xsi" />
            </Method>
          </Methods>
        </Class>
      </Classes>
    </Module>
  </Modules>
</CoverageSession>